21:34:07.033 [JavaFX Application Thread] DEBUG GameApplication      - Logger initialized
21:34:07.565 [JavaFX Application Thread] DEBUG GameApplication      - Starting FXGL
21:34:07.565 [JavaFX Application Thread] INFO  Version              - FXGL-0.3.8
21:34:07.565 [JavaFX Application Thread] INFO  Version              - Source code and latest versions at: https://github.com/AlmasB/FXGL
21:34:07.566 [JavaFX Application Thread] INFO  Version              -              Join the FXGL chat at: https://gitter.im/AlmasB/FXGL
21:34:08.107 [FXGL Launcher Thread     ] DEBUG FXGL                 - Loading FXGL system data
21:34:08.111 [FXGL Launcher Thread     ] DEBUG IOTask               - Executing task: readDataTask(system/fxgl.bundle)
21:34:08.127 [FXGL Launcher Thread     ] DEBUG FS                   - Reading from: system/fxgl.bundle
21:34:08.139 [FXGL Launcher Thread     ] DEBUG IOTask               - Task succeeded: readDataTask(system/fxgl.bundle)
21:34:08.139 [FXGL Launcher Thread     ] DEBUG Bundle               - Logging bundle: FXGL
21:34:08.140 [FXGL Launcher Thread     ] DEBUG Bundle               - FXGL.offline.timer.version.check=2018-02-06T21:33:15.123
21:34:08.140 [FXGL Launcher Thread     ] DEBUG GameApplication      - FXGL configuration complete
21:34:08.142 [FXGL Launcher Thread     ] INFO  GameApplication      - FXGL configuration took:  0.574 sec
21:34:08.144 [FXGL Launcher Thread     ] DEBUG GameApplication      - Logging game settings
Title: RandomBounce
Version: 
Width: 800
Height: 600
Fullscreen: false
Intro: true
Menus: false
Profiling: false
App Mode: DEVELOPER
Menu Key: ESCAPE
Scene Factory: class com.almasb.fxgl.scene.SceneFactory
Dialog Factory: class com.almasb.fxgl.service.impl.display.FXGLDialogFactory
UI Factory: class com.almasb.fxgl.service.impl.ui.FXGLUIFactory
Notification Service: class com.almasb.fxgl.service.impl.notification.SlidingNotificationService
Exception Handler: class com.almasb.fxgl.app.FXGLExceptionHandler
21:34:08.147 [FXGL Launcher Thread     ] DEBUG GameApplication      - Configuring GameApplication
21:34:08.150 [FXGL Launcher Thread     ] DEBUG AppStateMachine      - Initializing application states
21:34:08.205 [FXGL Launcher Thread     ] DEBUG AssetLoader          - Asset cacheSize=35
21:34:08.206 [FXGL Launcher Thread     ] DEBUG AssetLoader          - Loading from disk: /assets/ui/cursors/fxgl_default.png
21:34:08.232 [FXGL Launcher Thread     ] DEBUG AssetLoader          - Loading from disk: /assets/ui/cursors/fxgl_default.png
21:34:08.240 [FXGL Launcher Thread     ] DEBUG AssetLoader          - Loading from disk: /assets/sounds/core/notification.wav
21:34:08.290 [FXGL Launcher Thread     ] DEBUG AssetLoader          - Loading from disk: /assets/sounds/menu/select.wav
21:34:08.292 [FXGL Launcher Thread     ] DEBUG AssetLoader          - Loading from disk: /assets/sounds/menu/back.wav
21:34:08.294 [FXGL Launcher Thread     ] DEBUG AssetLoader          - Loading from disk: /assets/sounds/menu/press.wav
21:34:08.296 [FXGL Launcher Thread     ] DEBUG AssetLoader          - Loading from disk: /assets/ui/fonts/Copperplate_Gothic_Light_Regular.ttf
21:34:08.318 [FXGL Launcher Thread     ] DEBUG AssetLoader          - Loading from disk: /assets/ui/fonts/lucida_console.ttf
21:34:08.323 [FXGL Launcher Thread     ] DEBUG AssetLoader          - Loading from disk: /assets/ui/css/fxgl_dark.css
21:34:08.323 [FXGL Launcher Thread     ] DEBUG AssetLoader          - Loading from disk: /assets/ui/icons/fxgl_icon.png
21:34:08.422 [FXGL Launcher Thread     ] DEBUG AssetLoader          - Loading from disk: /assets/ui/cursors/fxgl_default.png
21:34:08.447 [FXGL Launcher Thread     ] DEBUG FXGL.GameScene       - Game scene initialized: 800x600
21:34:08.451 [FXGL Launcher Thread     ] DEBUG FXGL.GameWorld       - Game world initialized
21:34:08.513 [FXGL Launcher Thread     ] DEBUG FXGL.PhysicsWorld    - Physics world initialized: appHeight=600, physics.ppm=50.0
21:34:08.590 [FXGL Launcher Thread     ] DEBUG Input                - Registered new binding: Pause - Esc
21:34:08.603 [FXGL Launcher Thread     ] DEBUG AssetLoader          - Loading from disk: /assets/ui/cursors/fxgl_default.png
21:34:08.622 [FXGL Launcher Thread     ] INFO  GameApplication      - Game configuration took:  0.474 sec
21:34:08.625 [JavaFX Application Thread] DEBUG MainWindow           - Target size: 800.0 x 600.0 @ 1.0
21:34:08.625 [JavaFX Application Thread] DEBUG MainWindow           - New size:    800.0 x 600.0 @ 1.0
21:34:08.626 [JavaFX Application Thread] DEBUG MainWindow           - Opening main window
21:34:08.696 [JavaFX Application Thread] DEBUG MainWindow           - Root size:  800.0x600.0
21:34:08.696 [JavaFX Application Thread] DEBUG MainWindow           - Scene size: 800.0x600.0
21:34:08.696 [JavaFX Application Thread] DEBUG MainWindow           - Stage size: 800.0x622.0
21:34:08.696 [JavaFX Application Thread] DEBUG GameApplication      - Running preInit()
21:34:08.697 [JavaFX Application Thread] DEBUG Input                - Registered new binding: Screenshot - P
21:34:08.698 [JavaFX Application Thread] DEBUG Input                - Registered new binding: Dev Options - CTRL+0
21:34:08.746 [JavaFX Application Thread] DEBUG GameApplication      - Starting main loop
21:34:08.773 [JavaFX Application Thread] DEBUG StartupState         - STARTUP
21:34:08.773 [JavaFX Application Thread] DEBUG Input                - Clearing active input actions
21:34:08.773 [JavaFX Application Thread] DEBUG AppStateMachine      - StartupState -> IntroState
21:34:14.387 [JavaFX Application Thread] DEBUG EventBus             - Firing event: IntroFinishedEvent
21:34:14.388 [JavaFX Application Thread] DEBUG GameApplication      - Starting new game
21:34:14.389 [JavaFX Application Thread] DEBUG Input                - Clearing active input actions
21:34:14.389 [JavaFX Application Thread] DEBUG AppStateMachine      - IntroState -> LoadingState
21:34:14.403 [JavaFX Application Thread] WARN  AnnotationParser     - BounceAroundMain has no package or contains uppercase letters. Disabling annotations processing
21:34:14.409 [FXGL Background Thread 1 ] DEBUG InitAppTask          - Clearing previous game
21:34:14.410 [FXGL Background Thread 1 ] DEBUG FXGL.GameWorld       - Clearing game world
21:34:14.411 [FXGL Background Thread 1 ] DEBUG FXGL.PhysicsWorld    - Clearing physics world
21:34:14.411 [FXGL Background Thread 1 ] DEBUG FXGL.GameScene       - Clearing game scene
21:34:14.411 [FXGL Background Thread 1 ] DEBUG InitAppTask          - Initializing Assets
21:34:14.413 [FXGL Background Thread 1 ] DEBUG InitAppTask          - Initializing Game
21:34:14.543 [FXGL Background Thread 1 ] DEBUG FXGL.GameScene       - Creating render group for layer: TOP(2147483647)
21:34:14.555 [FXGL Background Thread 1 ] DEBUG InitAppTask          - Initializing Physics
21:34:14.555 [FXGL Background Thread 1 ] DEBUG InitAppTask          - Initializing UI
21:34:14.556 [FXGL Background Thread 1 ] DEBUG InitAppTask          - Initialization Complete
21:34:14.556 [FXGL Background Thread 1 ] INFO  InitAppTask          - Game initialization took: 0.146 sec
21:34:14.569 [JavaFX Application Thread] DEBUG Input                - Clearing active input actions
21:34:14.570 [JavaFX Application Thread] DEBUG AppStateMachine      - LoadingState -> PlayState
21:34:16.941 [JavaFX Application Thread] DEBUG GameApplication      - Exiting game application
21:34:16.943 [JavaFX Application Thread] DEBUG GameApplication      - Exiting FXGL
21:34:16.943 [JavaFX Application Thread] DEBUG FXGL                 - Saving FXGL system data
21:34:16.945 [JavaFX Application Thread] DEBUG IOTask               - Executing task: writeDataTask(system/fxgl.bundle)
21:34:16.948 [JavaFX Application Thread] DEBUG FS                   - Writing to: system/fxgl.bundle
21:34:16.952 [JavaFX Application Thread] DEBUG IOTask               - Task succeeded: writeDataTask(system/fxgl.bundle)
21:34:16.952 [JavaFX Application Thread] DEBUG GameApplication      - Closing logger and exiting JavaFX
