19:25:05.224 [JavaFX Application Thread] DEBUG GameApplication      - Logger initialized
19:25:05.866 [JavaFX Application Thread] DEBUG GameApplication      - Starting FXGL
19:25:05.867 [JavaFX Application Thread] INFO  Version              - FXGL-0.3.8
19:25:05.867 [JavaFX Application Thread] INFO  Version              - Source code and latest versions at: https://github.com/AlmasB/FXGL
19:25:05.867 [JavaFX Application Thread] INFO  Version              -              Join the FXGL chat at: https://gitter.im/AlmasB/FXGL
19:25:06.465 [FXGL Launcher Thread     ] DEBUG FXGL                 - Loading FXGL system data
19:25:06.472 [FXGL Launcher Thread     ] DEBUG IOTask               - Executing task: readDataTask(system/fxgl.bundle)
19:25:06.487 [FXGL Launcher Thread     ] DEBUG FS                   - Reading from: system/fxgl.bundle
19:25:06.503 [FXGL Launcher Thread     ] DEBUG IOTask               - Task succeeded: readDataTask(system/fxgl.bundle)
19:25:06.504 [FXGL Launcher Thread     ] DEBUG Bundle               - Logging bundle: FXGL
19:25:06.505 [FXGL Launcher Thread     ] DEBUG Bundle               - FXGL.offline.timer.version.check=2018-02-06T21:33:15.123
19:25:06.505 [FXGL Launcher Thread     ] DEBUG GameApplication      - FXGL configuration complete
19:25:06.509 [FXGL Launcher Thread     ] INFO  GameApplication      - FXGL configuration took:  0.637 sec
19:25:06.510 [FXGL Launcher Thread     ] DEBUG GameApplication      - Logging game settings
Title: FlappyBird
Version: 0.1
Width: 275
Height: 400
Fullscreen: false
Intro: true
Menus: false
Profiling: false
App Mode: RELEASE
Menu Key: ESCAPE
Scene Factory: class com.almasb.fxgl.scene.SceneFactory
Dialog Factory: class com.almasb.fxgl.service.impl.display.FXGLDialogFactory
UI Factory: class com.almasb.fxgl.service.impl.ui.FXGLUIFactory
Notification Service: class com.almasb.fxgl.service.impl.notification.SlidingNotificationService
Exception Handler: class com.almasb.fxgl.app.FXGLExceptionHandler
19:25:06.515 [FXGL Launcher Thread     ] DEBUG GameApplication      - Configuring GameApplication
19:25:06.520 [FXGL Launcher Thread     ] DEBUG AppStateMachine      - Initializing application states
19:25:06.606 [FXGL Launcher Thread     ] DEBUG AssetLoader          - Asset cacheSize=35
19:25:06.607 [FXGL Launcher Thread     ] DEBUG AssetLoader          - Loading from disk: /assets/ui/cursors/fxgl_default.png
19:25:06.663 [FXGL Launcher Thread     ] DEBUG AssetLoader          - Loading from disk: /assets/ui/cursors/fxgl_default.png
19:25:06.672 [FXGL Launcher Thread     ] DEBUG AssetLoader          - Loading from disk: /assets/sounds/core/notification.wav
19:25:06.765 [FXGL Launcher Thread     ] DEBUG AssetLoader          - Loading from disk: /assets/sounds/menu/select.wav
19:25:06.767 [FXGL Launcher Thread     ] DEBUG AssetLoader          - Loading from disk: /assets/sounds/menu/back.wav
19:25:06.769 [FXGL Launcher Thread     ] DEBUG AssetLoader          - Loading from disk: /assets/sounds/menu/press.wav
19:25:06.771 [FXGL Launcher Thread     ] DEBUG AssetLoader          - Loading from disk: /assets/ui/fonts/Copperplate_Gothic_Light_Regular.ttf
19:25:06.797 [FXGL Launcher Thread     ] DEBUG AssetLoader          - Loading from disk: /assets/ui/fonts/lucida_console.ttf
19:25:06.803 [FXGL Launcher Thread     ] DEBUG AssetLoader          - Loading from disk: /assets/ui/css/fxgl_dark.css
19:25:06.804 [FXGL Launcher Thread     ] DEBUG AssetLoader          - Loading from disk: /assets/ui/icons/fxgl_icon.png
19:25:06.916 [FXGL Launcher Thread     ] DEBUG AssetLoader          - Loading from disk: /assets/ui/cursors/fxgl_default.png
19:25:06.965 [FXGL Launcher Thread     ] DEBUG FXGL.GameScene       - Game scene initialized: 275x400
19:25:06.971 [FXGL Launcher Thread     ] DEBUG FXGL.GameWorld       - Game world initialized
19:25:07.054 [FXGL Launcher Thread     ] DEBUG FXGL.PhysicsWorld    - Physics world initialized: appHeight=400, physics.ppm=50.0
19:25:07.159 [FXGL Launcher Thread     ] DEBUG Input                - Registered new binding: Pause - Esc
19:25:07.178 [FXGL Launcher Thread     ] DEBUG AssetLoader          - Loading from disk: /assets/ui/cursors/fxgl_default.png
19:25:07.198 [FXGL Launcher Thread     ] INFO  GameApplication      - Game configuration took:  0.682 sec
19:25:07.200 [JavaFX Application Thread] DEBUG MainWindow           - Target size: 275.0 x 400.0 @ 1.0
19:25:07.200 [JavaFX Application Thread] DEBUG MainWindow           - New size:    275.0 x 400.0 @ 1.0
19:25:07.200 [JavaFX Application Thread] DEBUG MainWindow           - Opening main window
19:25:07.270 [JavaFX Application Thread] DEBUG MainWindow           - Root size:  275.0x400.0
19:25:07.270 [JavaFX Application Thread] DEBUG MainWindow           - Scene size: 275.0x400.0
19:25:07.271 [JavaFX Application Thread] DEBUG MainWindow           - Stage size: 275.0x422.0
19:25:07.271 [JavaFX Application Thread] DEBUG GameApplication      - Running preInit()
19:25:07.272 [JavaFX Application Thread] DEBUG Input                - Registered new binding: Screenshot - P
19:25:07.273 [JavaFX Application Thread] DEBUG Input                - Registered new binding: Dev Options - CTRL+0
19:25:07.273 [JavaFX Application Thread] DEBUG Input                - Registered new binding: Move Up - Up
19:25:07.321 [JavaFX Application Thread] DEBUG GameApplication      - Starting main loop
19:25:07.341 [JavaFX Application Thread] DEBUG StartupState         - STARTUP
19:25:07.342 [JavaFX Application Thread] DEBUG Input                - Clearing active input actions
19:25:07.342 [JavaFX Application Thread] DEBUG AppStateMachine      - StartupState -> IntroState
19:25:12.827 [JavaFX Application Thread] DEBUG EventBus             - Firing event: IntroFinishedEvent
19:25:12.828 [JavaFX Application Thread] DEBUG GameApplication      - Starting new game
19:25:12.829 [JavaFX Application Thread] DEBUG Input                - Clearing active input actions
19:25:12.829 [JavaFX Application Thread] DEBUG AppStateMachine      - IntroState -> LoadingState
19:25:12.843 [JavaFX Application Thread] WARN  AnnotationParser     - FlappyishGame has no package or contains uppercase letters. Disabling annotations processing
19:25:12.849 [FXGL Background Thread 1 ] DEBUG InitAppTask          - Clearing previous game
19:25:12.850 [FXGL Background Thread 1 ] DEBUG FXGL.GameWorld       - Clearing game world
19:25:12.851 [FXGL Background Thread 1 ] DEBUG FXGL.PhysicsWorld    - Clearing physics world
19:25:12.851 [FXGL Background Thread 1 ] DEBUG FXGL.GameScene       - Clearing game scene
19:25:12.851 [FXGL Background Thread 1 ] DEBUG InitAppTask          - Initializing Assets
19:25:12.854 [FXGL Background Thread 1 ] DEBUG InitAppTask          - Initializing Game
19:25:12.857 [FXGL Background Thread 1 ] DEBUG AssetLoader          - Loading from disk: /assets/textures/flappySpriteSheet.png
19:25:12.986 [FXGL Background Thread 1 ] DEBUG FXGL.GameScene       - Creating render group for layer: TOP(2147483647)
19:25:12.999 [FXGL Background Thread 1 ] DEBUG AssetLoader          - Loading from disk: /assets/textures/ground.png
19:25:13.007 [FXGL Background Thread 1 ] DEBUG AssetLoader          - Loading from cache: /assets/textures/ground.png
19:25:13.011 [FXGL Background Thread 1 ] DEBUG InitAppTask          - Initializing Physics
19:25:13.013 [FXGL Background Thread 1 ] DEBUG InitAppTask          - Initializing UI
19:25:13.014 [FXGL Background Thread 1 ] DEBUG AssetLoader          - Loading from disk: /assets/textures/background.png
19:25:13.019 [FXGL Background Thread 1 ] DEBUG FXGL.GameScene       - Creating render group for layer: BACKGROUND(1000)
19:25:13.023 [FXGL Background Thread 1 ] DEBUG InitAppTask          - Initialization Complete
19:25:13.024 [FXGL Background Thread 1 ] INFO  InitAppTask          - Game initialization took: 0.174 sec
19:25:13.028 [JavaFX Application Thread] DEBUG Input                - Clearing active input actions
19:25:13.028 [JavaFX Application Thread] DEBUG AppStateMachine      - LoadingState -> PlayState
19:25:13.729 [JavaFX Application Thread] DEBUG AssetLoader          - Loading from disk: /assets/textures/gameOver.png
19:25:13.744 [JavaFX Application Thread] DEBUG AssetLoader          - Loading from cache: /assets/textures/gameOver.png
19:25:13.762 [JavaFX Application Thread] DEBUG AssetLoader          - Loading from cache: /assets/textures/gameOver.png
19:25:13.779 [JavaFX Application Thread] DEBUG AssetLoader          - Loading from cache: /assets/textures/gameOver.png
19:25:13.794 [JavaFX Application Thread] DEBUG AssetLoader          - Loading from cache: /assets/textures/gameOver.png
19:25:13.812 [JavaFX Application Thread] DEBUG AssetLoader          - Loading from cache: /assets/textures/gameOver.png
19:25:13.829 [JavaFX Application Thread] DEBUG AssetLoader          - Loading from cache: /assets/textures/gameOver.png
19:25:13.847 [JavaFX Application Thread] DEBUG AssetLoader          - Loading from cache: /assets/textures/gameOver.png
19:25:13.862 [JavaFX Application Thread] DEBUG AssetLoader          - Loading from cache: /assets/textures/gameOver.png
19:25:13.879 [JavaFX Application Thread] DEBUG AssetLoader          - Loading from cache: /assets/textures/gameOver.png
19:25:13.895 [JavaFX Application Thread] DEBUG AssetLoader          - Loading from cache: /assets/textures/gameOver.png
19:25:13.911 [JavaFX Application Thread] DEBUG AssetLoader          - Loading from cache: /assets/textures/gameOver.png
19:25:13.929 [JavaFX Application Thread] DEBUG AssetLoader          - Loading from cache: /assets/textures/gameOver.png
19:25:13.945 [JavaFX Application Thread] DEBUG AssetLoader          - Loading from cache: /assets/textures/gameOver.png
19:25:13.962 [JavaFX Application Thread] DEBUG AssetLoader          - Loading from cache: /assets/textures/gameOver.png
19:25:13.978 [JavaFX Application Thread] DEBUG AssetLoader          - Loading from cache: /assets/textures/gameOver.png
19:25:13.995 [JavaFX Application Thread] DEBUG AssetLoader          - Loading from cache: /assets/textures/gameOver.png
19:25:14.012 [JavaFX Application Thread] DEBUG AssetLoader          - Loading from cache: /assets/textures/gameOver.png
19:25:14.029 [JavaFX Application Thread] DEBUG AssetLoader          - Loading from cache: /assets/textures/gameOver.png
19:25:14.044 [JavaFX Application Thread] DEBUG AssetLoader          - Loading from cache: /assets/textures/gameOver.png
19:25:14.062 [JavaFX Application Thread] DEBUG AssetLoader          - Loading from cache: /assets/textures/gameOver.png
19:25:14.078 [JavaFX Application Thread] DEBUG AssetLoader          - Loading from cache: /assets/textures/gameOver.png
19:25:14.095 [JavaFX Application Thread] DEBUG AssetLoader          - Loading from cache: /assets/textures/gameOver.png
19:25:14.112 [JavaFX Application Thread] DEBUG AssetLoader          - Loading from cache: /assets/textures/gameOver.png
19:25:14.128 [JavaFX Application Thread] DEBUG AssetLoader          - Loading from cache: /assets/textures/gameOver.png
19:25:14.144 [JavaFX Application Thread] DEBUG AssetLoader          - Loading from cache: /assets/textures/gameOver.png
19:25:14.161 [JavaFX Application Thread] DEBUG AssetLoader          - Loading from cache: /assets/textures/gameOver.png
19:25:14.178 [JavaFX Application Thread] DEBUG AssetLoader          - Loading from cache: /assets/textures/gameOver.png
19:25:14.195 [JavaFX Application Thread] DEBUG AssetLoader          - Loading from cache: /assets/textures/gameOver.png
19:25:14.211 [JavaFX Application Thread] DEBUG AssetLoader          - Loading from cache: /assets/textures/gameOver.png
19:25:14.228 [JavaFX Application Thread] DEBUG AssetLoader          - Loading from cache: /assets/textures/gameOver.png
19:25:14.244 [JavaFX Application Thread] DEBUG AssetLoader          - Loading from cache: /assets/textures/gameOver.png
19:25:14.261 [JavaFX Application Thread] DEBUG AssetLoader          - Loading from cache: /assets/textures/gameOver.png
19:25:14.278 [JavaFX Application Thread] DEBUG AssetLoader          - Loading from cache: /assets/textures/gameOver.png
19:25:14.295 [JavaFX Application Thread] DEBUG AssetLoader          - Loading from cache: /assets/textures/gameOver.png
19:25:14.312 [JavaFX Application Thread] DEBUG AssetLoader          - Loading from cache: /assets/textures/gameOver.png
19:25:14.329 [JavaFX Application Thread] DEBUG AssetLoader          - Loading from cache: /assets/textures/gameOver.png
19:25:14.345 [JavaFX Application Thread] DEBUG AssetLoader          - Loading from cache: /assets/textures/gameOver.png
19:25:14.362 [JavaFX Application Thread] DEBUG AssetLoader          - Loading from cache: /assets/textures/gameOver.png
19:25:14.379 [JavaFX Application Thread] DEBUG AssetLoader          - Loading from cache: /assets/textures/gameOver.png
19:25:14.395 [JavaFX Application Thread] DEBUG AssetLoader          - Loading from cache: /assets/textures/gameOver.png
19:25:14.412 [JavaFX Application Thread] DEBUG AssetLoader          - Loading from cache: /assets/textures/gameOver.png
19:25:14.429 [JavaFX Application Thread] DEBUG AssetLoader          - Loading from cache: /assets/textures/gameOver.png
19:25:14.445 [JavaFX Application Thread] DEBUG AssetLoader          - Loading from cache: /assets/textures/gameOver.png
19:25:14.462 [JavaFX Application Thread] DEBUG AssetLoader          - Loading from cache: /assets/textures/gameOver.png
19:25:14.479 [JavaFX Application Thread] DEBUG AssetLoader          - Loading from cache: /assets/textures/gameOver.png
19:25:14.495 [JavaFX Application Thread] DEBUG AssetLoader          - Loading from cache: /assets/textures/gameOver.png
19:25:14.512 [JavaFX Application Thread] DEBUG AssetLoader          - Loading from cache: /assets/textures/gameOver.png
19:25:14.529 [JavaFX Application Thread] DEBUG AssetLoader          - Loading from cache: /assets/textures/gameOver.png
19:25:14.545 [JavaFX Application Thread] DEBUG AssetLoader          - Loading from cache: /assets/textures/gameOver.png
19:25:14.562 [JavaFX Application Thread] DEBUG AssetLoader          - Loading from cache: /assets/textures/gameOver.png
19:25:14.579 [JavaFX Application Thread] DEBUG AssetLoader          - Loading from cache: /assets/textures/gameOver.png
19:25:14.595 [JavaFX Application Thread] DEBUG AssetLoader          - Loading from cache: /assets/textures/gameOver.png
19:25:14.612 [JavaFX Application Thread] DEBUG AssetLoader          - Loading from cache: /assets/textures/gameOver.png
19:25:14.629 [JavaFX Application Thread] DEBUG AssetLoader          - Loading from cache: /assets/textures/gameOver.png
19:25:14.646 [JavaFX Application Thread] DEBUG AssetLoader          - Loading from cache: /assets/textures/gameOver.png
19:25:14.662 [JavaFX Application Thread] DEBUG AssetLoader          - Loading from cache: /assets/textures/gameOver.png
19:25:14.679 [JavaFX Application Thread] DEBUG AssetLoader          - Loading from cache: /assets/textures/gameOver.png
19:25:14.696 [JavaFX Application Thread] DEBUG AssetLoader          - Loading from cache: /assets/textures/gameOver.png
19:25:14.711 [JavaFX Application Thread] DEBUG AssetLoader          - Loading from cache: /assets/textures/gameOver.png
19:25:14.729 [JavaFX Application Thread] DEBUG AssetLoader          - Loading from cache: /assets/textures/gameOver.png
19:25:14.745 [JavaFX Application Thread] DEBUG AssetLoader          - Loading from cache: /assets/textures/gameOver.png
19:25:14.762 [JavaFX Application Thread] DEBUG AssetLoader          - Loading from cache: /assets/textures/gameOver.png
19:25:14.779 [JavaFX Application Thread] DEBUG AssetLoader          - Loading from cache: /assets/textures/gameOver.png
19:25:14.796 [JavaFX Application Thread] DEBUG AssetLoader          - Loading from cache: /assets/textures/gameOver.png
19:25:14.812 [JavaFX Application Thread] DEBUG AssetLoader          - Loading from cache: /assets/textures/gameOver.png
19:25:14.829 [JavaFX Application Thread] DEBUG AssetLoader          - Loading from cache: /assets/textures/gameOver.png
19:25:14.845 [JavaFX Application Thread] DEBUG AssetLoader          - Loading from cache: /assets/textures/gameOver.png
19:25:14.862 [JavaFX Application Thread] DEBUG AssetLoader          - Loading from cache: /assets/textures/gameOver.png
19:25:14.879 [JavaFX Application Thread] DEBUG AssetLoader          - Loading from cache: /assets/textures/gameOver.png
19:25:14.896 [JavaFX Application Thread] DEBUG AssetLoader          - Loading from cache: /assets/textures/gameOver.png
19:25:14.912 [JavaFX Application Thread] DEBUG AssetLoader          - Loading from cache: /assets/textures/gameOver.png
19:25:14.929 [JavaFX Application Thread] DEBUG AssetLoader          - Loading from cache: /assets/textures/gameOver.png
19:25:14.946 [JavaFX Application Thread] DEBUG AssetLoader          - Loading from cache: /assets/textures/gameOver.png
19:25:14.962 [JavaFX Application Thread] DEBUG AssetLoader          - Loading from cache: /assets/textures/gameOver.png
19:25:14.978 [JavaFX Application Thread] DEBUG AssetLoader          - Loading from cache: /assets/textures/gameOver.png
19:25:14.996 [JavaFX Application Thread] DEBUG AssetLoader          - Loading from cache: /assets/textures/gameOver.png
19:25:15.012 [JavaFX Application Thread] DEBUG AssetLoader          - Loading from cache: /assets/textures/gameOver.png
19:25:15.029 [JavaFX Application Thread] DEBUG AssetLoader          - Loading from cache: /assets/textures/gameOver.png
19:25:15.046 [JavaFX Application Thread] DEBUG AssetLoader          - Loading from cache: /assets/textures/gameOver.png
19:25:15.062 [JavaFX Application Thread] DEBUG AssetLoader          - Loading from cache: /assets/textures/gameOver.png
19:25:15.079 [JavaFX Application Thread] DEBUG AssetLoader          - Loading from cache: /assets/textures/gameOver.png
19:25:15.096 [JavaFX Application Thread] DEBUG AssetLoader          - Loading from cache: /assets/textures/gameOver.png
19:25:15.112 [JavaFX Application Thread] DEBUG AssetLoader          - Loading from cache: /assets/textures/gameOver.png
19:25:15.129 [JavaFX Application Thread] DEBUG AssetLoader          - Loading from cache: /assets/textures/gameOver.png
19:25:15.146 [JavaFX Application Thread] DEBUG AssetLoader          - Loading from cache: /assets/textures/gameOver.png
19:25:15.162 [JavaFX Application Thread] DEBUG AssetLoader          - Loading from cache: /assets/textures/gameOver.png
19:25:15.179 [JavaFX Application Thread] DEBUG AssetLoader          - Loading from cache: /assets/textures/gameOver.png
19:25:15.196 [JavaFX Application Thread] DEBUG AssetLoader          - Loading from cache: /assets/textures/gameOver.png
19:25:15.212 [JavaFX Application Thread] DEBUG AssetLoader          - Loading from cache: /assets/textures/gameOver.png
19:25:15.229 [JavaFX Application Thread] DEBUG AssetLoader          - Loading from cache: /assets/textures/gameOver.png
19:25:15.246 [JavaFX Application Thread] DEBUG AssetLoader          - Loading from cache: /assets/textures/gameOver.png
19:25:15.262 [JavaFX Application Thread] DEBUG AssetLoader          - Loading from cache: /assets/textures/gameOver.png
19:25:15.279 [JavaFX Application Thread] DEBUG AssetLoader          - Loading from cache: /assets/textures/gameOver.png
19:25:15.296 [JavaFX Application Thread] DEBUG AssetLoader          - Loading from cache: /assets/textures/gameOver.png
19:25:15.313 [JavaFX Application Thread] DEBUG AssetLoader          - Loading from cache: /assets/textures/gameOver.png
19:25:15.329 [JavaFX Application Thread] DEBUG AssetLoader          - Loading from cache: /assets/textures/gameOver.png
19:25:15.346 [JavaFX Application Thread] DEBUG AssetLoader          - Loading from cache: /assets/textures/gameOver.png
19:25:15.363 [JavaFX Application Thread] DEBUG AssetLoader          - Loading from cache: /assets/textures/gameOver.png
19:25:15.379 [JavaFX Application Thread] DEBUG AssetLoader          - Loading from cache: /assets/textures/gameOver.png
19:25:15.396 [JavaFX Application Thread] DEBUG AssetLoader          - Loading from cache: /assets/textures/gameOver.png
19:25:15.412 [JavaFX Application Thread] DEBUG AssetLoader          - Loading from cache: /assets/textures/gameOver.png
19:25:15.429 [JavaFX Application Thread] DEBUG AssetLoader          - Loading from cache: /assets/textures/gameOver.png
19:25:15.446 [JavaFX Application Thread] DEBUG AssetLoader          - Loading from cache: /assets/textures/gameOver.png
19:25:15.463 [JavaFX Application Thread] DEBUG AssetLoader          - Loading from cache: /assets/textures/gameOver.png
19:25:15.479 [JavaFX Application Thread] DEBUG AssetLoader          - Loading from cache: /assets/textures/gameOver.png
19:25:15.496 [JavaFX Application Thread] DEBUG AssetLoader          - Loading from cache: /assets/textures/gameOver.png
19:25:15.512 [JavaFX Application Thread] DEBUG AssetLoader          - Loading from cache: /assets/textures/gameOver.png
19:25:15.529 [JavaFX Application Thread] DEBUG AssetLoader          - Loading from cache: /assets/textures/gameOver.png
19:25:15.546 [JavaFX Application Thread] DEBUG AssetLoader          - Loading from cache: /assets/textures/gameOver.png
19:25:15.563 [JavaFX Application Thread] DEBUG AssetLoader          - Loading from cache: /assets/textures/gameOver.png
19:25:15.579 [JavaFX Application Thread] DEBUG AssetLoader          - Loading from cache: /assets/textures/gameOver.png
19:25:15.596 [JavaFX Application Thread] DEBUG AssetLoader          - Loading from cache: /assets/textures/gameOver.png
19:25:15.612 [JavaFX Application Thread] DEBUG AssetLoader          - Loading from cache: /assets/textures/gameOver.png
19:25:15.629 [JavaFX Application Thread] DEBUG AssetLoader          - Loading from cache: /assets/textures/gameOver.png
19:25:15.646 [JavaFX Application Thread] DEBUG AssetLoader          - Loading from cache: /assets/textures/gameOver.png
19:25:15.663 [JavaFX Application Thread] DEBUG AssetLoader          - Loading from cache: /assets/textures/gameOver.png
19:25:15.679 [JavaFX Application Thread] DEBUG AssetLoader          - Loading from cache: /assets/textures/gameOver.png
19:25:15.696 [JavaFX Application Thread] DEBUG AssetLoader          - Loading from cache: /assets/textures/gameOver.png
19:25:15.713 [JavaFX Application Thread] DEBUG AssetLoader          - Loading from cache: /assets/textures/gameOver.png
19:25:15.729 [JavaFX Application Thread] DEBUG AssetLoader          - Loading from cache: /assets/textures/gameOver.png
19:25:15.765 [JavaFX Application Thread] DEBUG AssetLoader          - Loading from cache: /assets/textures/gameOver.png
19:25:15.780 [JavaFX Application Thread] DEBUG AssetLoader          - Loading from cache: /assets/textures/gameOver.png
19:25:15.797 [JavaFX Application Thread] DEBUG AssetLoader          - Loading from cache: /assets/textures/gameOver.png
19:25:15.813 [JavaFX Application Thread] DEBUG AssetLoader          - Loading from cache: /assets/textures/gameOver.png
19:25:15.830 [JavaFX Application Thread] DEBUG AssetLoader          - Loading from cache: /assets/textures/gameOver.png
19:25:15.846 [JavaFX Application Thread] DEBUG AssetLoader          - Loading from cache: /assets/textures/gameOver.png
19:25:15.863 [JavaFX Application Thread] DEBUG AssetLoader          - Loading from cache: /assets/textures/gameOver.png
19:25:15.880 [JavaFX Application Thread] DEBUG AssetLoader          - Loading from cache: /assets/textures/gameOver.png
19:25:15.895 [JavaFX Application Thread] DEBUG AssetLoader          - Loading from cache: /assets/textures/gameOver.png
19:25:15.913 [JavaFX Application Thread] DEBUG AssetLoader          - Loading from cache: /assets/textures/gameOver.png
19:25:15.930 [JavaFX Application Thread] DEBUG AssetLoader          - Loading from cache: /assets/textures/gameOver.png
19:25:15.947 [JavaFX Application Thread] DEBUG AssetLoader          - Loading from cache: /assets/textures/gameOver.png
19:25:15.963 [JavaFX Application Thread] DEBUG AssetLoader          - Loading from cache: /assets/textures/gameOver.png
19:25:15.980 [JavaFX Application Thread] DEBUG AssetLoader          - Loading from cache: /assets/textures/gameOver.png
19:25:15.996 [JavaFX Application Thread] DEBUG AssetLoader          - Loading from cache: /assets/textures/gameOver.png
19:25:16.013 [JavaFX Application Thread] DEBUG AssetLoader          - Loading from cache: /assets/textures/gameOver.png
19:25:16.030 [JavaFX Application Thread] DEBUG AssetLoader          - Loading from cache: /assets/textures/gameOver.png
19:25:16.046 [JavaFX Application Thread] DEBUG AssetLoader          - Loading from cache: /assets/textures/gameOver.png
19:25:16.063 [JavaFX Application Thread] DEBUG AssetLoader          - Loading from cache: /assets/textures/gameOver.png
19:25:16.080 [JavaFX Application Thread] DEBUG AssetLoader          - Loading from cache: /assets/textures/gameOver.png
19:25:16.097 [JavaFX Application Thread] DEBUG AssetLoader          - Loading from cache: /assets/textures/gameOver.png
19:25:16.113 [JavaFX Application Thread] DEBUG AssetLoader          - Loading from cache: /assets/textures/gameOver.png
19:25:16.130 [JavaFX Application Thread] DEBUG AssetLoader          - Loading from cache: /assets/textures/gameOver.png
19:25:16.147 [JavaFX Application Thread] DEBUG AssetLoader          - Loading from cache: /assets/textures/gameOver.png
19:25:16.163 [JavaFX Application Thread] DEBUG AssetLoader          - Loading from cache: /assets/textures/gameOver.png
19:25:16.180 [JavaFX Application Thread] DEBUG AssetLoader          - Loading from cache: /assets/textures/gameOver.png
19:25:16.197 [JavaFX Application Thread] DEBUG AssetLoader          - Loading from cache: /assets/textures/gameOver.png
19:25:16.213 [JavaFX Application Thread] DEBUG AssetLoader          - Loading from cache: /assets/textures/gameOver.png
19:25:16.230 [JavaFX Application Thread] DEBUG AssetLoader          - Loading from cache: /assets/textures/gameOver.png
19:25:16.246 [JavaFX Application Thread] DEBUG AssetLoader          - Loading from cache: /assets/textures/gameOver.png
19:25:16.264 [JavaFX Application Thread] DEBUG AssetLoader          - Loading from cache: /assets/textures/gameOver.png
19:25:16.280 [JavaFX Application Thread] DEBUG AssetLoader          - Loading from cache: /assets/textures/gameOver.png
19:25:16.296 [JavaFX Application Thread] DEBUG AssetLoader          - Loading from cache: /assets/textures/gameOver.png
19:25:16.313 [JavaFX Application Thread] DEBUG AssetLoader          - Loading from cache: /assets/textures/gameOver.png
19:25:16.330 [JavaFX Application Thread] DEBUG AssetLoader          - Loading from cache: /assets/textures/gameOver.png
19:25:16.347 [JavaFX Application Thread] DEBUG AssetLoader          - Loading from cache: /assets/textures/gameOver.png
19:25:16.363 [JavaFX Application Thread] DEBUG AssetLoader          - Loading from cache: /assets/textures/gameOver.png
19:25:16.380 [JavaFX Application Thread] DEBUG AssetLoader          - Loading from cache: /assets/textures/gameOver.png
19:25:16.397 [JavaFX Application Thread] DEBUG AssetLoader          - Loading from cache: /assets/textures/gameOver.png
19:25:16.413 [JavaFX Application Thread] DEBUG AssetLoader          - Loading from cache: /assets/textures/gameOver.png
19:25:16.430 [JavaFX Application Thread] DEBUG AssetLoader          - Loading from cache: /assets/textures/gameOver.png
19:25:16.447 [JavaFX Application Thread] DEBUG AssetLoader          - Loading from cache: /assets/textures/gameOver.png
19:25:16.463 [JavaFX Application Thread] DEBUG AssetLoader          - Loading from cache: /assets/textures/gameOver.png
19:25:16.480 [JavaFX Application Thread] DEBUG AssetLoader          - Loading from cache: /assets/textures/gameOver.png
19:25:16.497 [JavaFX Application Thread] DEBUG AssetLoader          - Loading from cache: /assets/textures/gameOver.png
19:25:16.513 [JavaFX Application Thread] DEBUG AssetLoader          - Loading from cache: /assets/textures/gameOver.png
19:25:16.530 [JavaFX Application Thread] DEBUG AssetLoader          - Loading from cache: /assets/textures/gameOver.png
19:25:16.546 [JavaFX Application Thread] DEBUG AssetLoader          - Loading from cache: /assets/textures/gameOver.png
19:25:16.564 [JavaFX Application Thread] DEBUG AssetLoader          - Loading from cache: /assets/textures/gameOver.png
19:25:16.580 [JavaFX Application Thread] DEBUG AssetLoader          - Loading from cache: /assets/textures/gameOver.png
19:25:16.597 [JavaFX Application Thread] DEBUG AssetLoader          - Loading from cache: /assets/textures/gameOver.png
19:25:16.613 [JavaFX Application Thread] DEBUG AssetLoader          - Loading from cache: /assets/textures/gameOver.png
19:25:16.630 [JavaFX Application Thread] DEBUG AssetLoader          - Loading from cache: /assets/textures/gameOver.png
19:25:16.647 [JavaFX Application Thread] DEBUG AssetLoader          - Loading from cache: /assets/textures/gameOver.png
19:25:16.663 [JavaFX Application Thread] DEBUG AssetLoader          - Loading from cache: /assets/textures/gameOver.png
19:25:16.680 [JavaFX Application Thread] DEBUG AssetLoader          - Loading from cache: /assets/textures/gameOver.png
19:25:16.697 [JavaFX Application Thread] DEBUG AssetLoader          - Loading from cache: /assets/textures/gameOver.png
19:25:16.714 [JavaFX Application Thread] DEBUG AssetLoader          - Loading from cache: /assets/textures/gameOver.png
19:25:16.730 [JavaFX Application Thread] DEBUG AssetLoader          - Loading from cache: /assets/textures/gameOver.png
19:25:16.746 [JavaFX Application Thread] DEBUG AssetLoader          - Loading from cache: /assets/textures/gameOver.png
19:25:16.763 [JavaFX Application Thread] DEBUG AssetLoader          - Loading from cache: /assets/textures/gameOver.png
19:25:16.780 [JavaFX Application Thread] DEBUG AssetLoader          - Loading from cache: /assets/textures/gameOver.png
19:25:16.797 [JavaFX Application Thread] DEBUG AssetLoader          - Loading from cache: /assets/textures/gameOver.png
19:25:16.814 [JavaFX Application Thread] DEBUG AssetLoader          - Loading from cache: /assets/textures/gameOver.png
19:25:16.830 [JavaFX Application Thread] DEBUG AssetLoader          - Loading from cache: /assets/textures/gameOver.png
19:25:16.847 [JavaFX Application Thread] DEBUG AssetLoader          - Loading from cache: /assets/textures/gameOver.png
19:25:16.864 [JavaFX Application Thread] DEBUG AssetLoader          - Loading from cache: /assets/textures/gameOver.png
19:25:16.880 [JavaFX Application Thread] DEBUG AssetLoader          - Loading from cache: /assets/textures/gameOver.png
19:25:16.896 [JavaFX Application Thread] DEBUG AssetLoader          - Loading from cache: /assets/textures/gameOver.png
19:25:16.913 [JavaFX Application Thread] DEBUG AssetLoader          - Loading from cache: /assets/textures/gameOver.png
19:25:16.930 [JavaFX Application Thread] DEBUG AssetLoader          - Loading from cache: /assets/textures/gameOver.png
19:25:16.947 [JavaFX Application Thread] DEBUG AssetLoader          - Loading from cache: /assets/textures/gameOver.png
19:25:16.964 [JavaFX Application Thread] DEBUG AssetLoader          - Loading from cache: /assets/textures/gameOver.png
19:25:16.980 [JavaFX Application Thread] DEBUG AssetLoader          - Loading from cache: /assets/textures/gameOver.png
19:25:16.997 [JavaFX Application Thread] DEBUG AssetLoader          - Loading from cache: /assets/textures/gameOver.png
19:25:17.014 [JavaFX Application Thread] DEBUG AssetLoader          - Loading from cache: /assets/textures/gameOver.png
19:25:17.030 [JavaFX Application Thread] DEBUG AssetLoader          - Loading from cache: /assets/textures/gameOver.png
19:25:17.046 [JavaFX Application Thread] DEBUG AssetLoader          - Loading from cache: /assets/textures/gameOver.png
19:25:17.064 [JavaFX Application Thread] DEBUG AssetLoader          - Loading from cache: /assets/textures/gameOver.png
19:25:17.080 [JavaFX Application Thread] DEBUG AssetLoader          - Loading from cache: /assets/textures/gameOver.png
19:25:17.097 [JavaFX Application Thread] DEBUG AssetLoader          - Loading from cache: /assets/textures/gameOver.png
19:25:17.114 [JavaFX Application Thread] DEBUG AssetLoader          - Loading from cache: /assets/textures/gameOver.png
19:25:17.130 [JavaFX Application Thread] DEBUG AssetLoader          - Loading from cache: /assets/textures/gameOver.png
19:25:17.147 [JavaFX Application Thread] DEBUG AssetLoader          - Loading from cache: /assets/textures/gameOver.png
19:25:17.164 [JavaFX Application Thread] DEBUG AssetLoader          - Loading from cache: /assets/textures/gameOver.png
19:25:17.180 [JavaFX Application Thread] DEBUG AssetLoader          - Loading from cache: /assets/textures/gameOver.png
19:25:17.197 [JavaFX Application Thread] DEBUG AssetLoader          - Loading from cache: /assets/textures/gameOver.png
19:25:17.213 [JavaFX Application Thread] DEBUG AssetLoader          - Loading from cache: /assets/textures/gameOver.png
19:25:17.230 [JavaFX Application Thread] DEBUG AssetLoader          - Loading from cache: /assets/textures/gameOver.png
19:25:17.247 [JavaFX Application Thread] DEBUG AssetLoader          - Loading from cache: /assets/textures/gameOver.png
19:25:17.263 [JavaFX Application Thread] DEBUG AssetLoader          - Loading from cache: /assets/textures/gameOver.png
19:25:17.280 [JavaFX Application Thread] DEBUG AssetLoader          - Loading from cache: /assets/textures/gameOver.png
19:25:17.297 [JavaFX Application Thread] DEBUG AssetLoader          - Loading from cache: /assets/textures/gameOver.png
19:25:17.314 [JavaFX Application Thread] DEBUG AssetLoader          - Loading from cache: /assets/textures/gameOver.png
19:25:17.331 [JavaFX Application Thread] DEBUG AssetLoader          - Loading from cache: /assets/textures/gameOver.png
19:25:17.347 [JavaFX Application Thread] DEBUG AssetLoader          - Loading from cache: /assets/textures/gameOver.png
19:25:17.364 [JavaFX Application Thread] DEBUG AssetLoader          - Loading from cache: /assets/textures/gameOver.png
19:25:17.380 [JavaFX Application Thread] DEBUG AssetLoader          - Loading from cache: /assets/textures/gameOver.png
19:25:17.397 [JavaFX Application Thread] DEBUG AssetLoader          - Loading from cache: /assets/textures/gameOver.png
19:25:17.414 [JavaFX Application Thread] DEBUG AssetLoader          - Loading from cache: /assets/textures/gameOver.png
19:25:17.430 [JavaFX Application Thread] DEBUG AssetLoader          - Loading from cache: /assets/textures/gameOver.png
19:25:17.447 [JavaFX Application Thread] DEBUG AssetLoader          - Loading from cache: /assets/textures/gameOver.png
19:25:17.464 [JavaFX Application Thread] DEBUG AssetLoader          - Loading from cache: /assets/textures/gameOver.png
19:25:17.481 [JavaFX Application Thread] DEBUG AssetLoader          - Loading from cache: /assets/textures/gameOver.png
19:25:17.497 [JavaFX Application Thread] DEBUG AssetLoader          - Loading from cache: /assets/textures/gameOver.png
19:25:17.514 [JavaFX Application Thread] DEBUG AssetLoader          - Loading from cache: /assets/textures/gameOver.png
19:25:17.530 [JavaFX Application Thread] DEBUG AssetLoader          - Loading from cache: /assets/textures/gameOver.png
19:25:17.547 [JavaFX Application Thread] DEBUG AssetLoader          - Loading from cache: /assets/textures/gameOver.png
19:25:17.563 [JavaFX Application Thread] DEBUG AssetLoader          - Loading from cache: /assets/textures/gameOver.png
19:25:17.581 [JavaFX Application Thread] DEBUG AssetLoader          - Loading from cache: /assets/textures/gameOver.png
19:25:17.597 [JavaFX Application Thread] DEBUG AssetLoader          - Loading from cache: /assets/textures/gameOver.png
19:25:17.614 [JavaFX Application Thread] DEBUG AssetLoader          - Loading from cache: /assets/textures/gameOver.png
19:25:17.631 [JavaFX Application Thread] DEBUG AssetLoader          - Loading from cache: /assets/textures/gameOver.png
19:25:17.647 [JavaFX Application Thread] DEBUG AssetLoader          - Loading from cache: /assets/textures/gameOver.png
19:25:17.664 [JavaFX Application Thread] DEBUG AssetLoader          - Loading from cache: /assets/textures/gameOver.png
19:25:17.681 [JavaFX Application Thread] DEBUG AssetLoader          - Loading from cache: /assets/textures/gameOver.png
19:25:17.697 [JavaFX Application Thread] DEBUG AssetLoader          - Loading from cache: /assets/textures/gameOver.png
19:25:17.714 [JavaFX Application Thread] DEBUG AssetLoader          - Loading from cache: /assets/textures/gameOver.png
19:25:17.731 [JavaFX Application Thread] DEBUG AssetLoader          - Loading from cache: /assets/textures/gameOver.png
19:25:17.747 [JavaFX Application Thread] DEBUG AssetLoader          - Loading from cache: /assets/textures/gameOver.png
19:25:17.764 [JavaFX Application Thread] DEBUG AssetLoader          - Loading from cache: /assets/textures/gameOver.png
19:25:17.781 [JavaFX Application Thread] DEBUG AssetLoader          - Loading from cache: /assets/textures/gameOver.png
19:25:17.797 [JavaFX Application Thread] DEBUG AssetLoader          - Loading from cache: /assets/textures/gameOver.png
19:25:17.814 [JavaFX Application Thread] DEBUG AssetLoader          - Loading from cache: /assets/textures/gameOver.png
19:25:17.831 [JavaFX Application Thread] DEBUG AssetLoader          - Loading from cache: /assets/textures/gameOver.png
19:25:17.848 [JavaFX Application Thread] DEBUG AssetLoader          - Loading from cache: /assets/textures/gameOver.png
19:25:17.864 [JavaFX Application Thread] DEBUG AssetLoader          - Loading from cache: /assets/textures/gameOver.png
19:25:17.881 [JavaFX Application Thread] DEBUG AssetLoader          - Loading from cache: /assets/textures/gameOver.png
19:25:17.897 [JavaFX Application Thread] DEBUG AssetLoader          - Loading from cache: /assets/textures/gameOver.png
19:25:17.914 [JavaFX Application Thread] DEBUG AssetLoader          - Loading from cache: /assets/textures/gameOver.png
19:25:17.931 [JavaFX Application Thread] DEBUG AssetLoader          - Loading from cache: /assets/textures/gameOver.png
19:25:17.947 [JavaFX Application Thread] DEBUG AssetLoader          - Loading from cache: /assets/textures/gameOver.png
19:25:17.964 [JavaFX Application Thread] DEBUG AssetLoader          - Loading from cache: /assets/textures/gameOver.png
19:25:17.981 [JavaFX Application Thread] DEBUG AssetLoader          - Loading from cache: /assets/textures/gameOver.png
19:25:17.998 [JavaFX Application Thread] DEBUG AssetLoader          - Loading from cache: /assets/textures/gameOver.png
19:25:18.014 [JavaFX Application Thread] DEBUG AssetLoader          - Loading from cache: /assets/textures/gameOver.png
19:25:18.031 [JavaFX Application Thread] DEBUG AssetLoader          - Loading from cache: /assets/textures/gameOver.png
19:25:18.046 [JavaFX Application Thread] DEBUG AssetLoader          - Loading from cache: /assets/textures/gameOver.png
19:25:18.064 [JavaFX Application Thread] DEBUG AssetLoader          - Loading from cache: /assets/textures/gameOver.png
19:25:18.081 [JavaFX Application Thread] DEBUG AssetLoader          - Loading from cache: /assets/textures/gameOver.png
19:25:18.097 [JavaFX Application Thread] DEBUG AssetLoader          - Loading from cache: /assets/textures/gameOver.png
19:25:18.114 [JavaFX Application Thread] DEBUG AssetLoader          - Loading from cache: /assets/textures/gameOver.png
19:25:18.131 [JavaFX Application Thread] DEBUG AssetLoader          - Loading from cache: /assets/textures/gameOver.png
19:25:18.148 [JavaFX Application Thread] DEBUG AssetLoader          - Loading from cache: /assets/textures/gameOver.png
19:25:18.164 [JavaFX Application Thread] DEBUG AssetLoader          - Loading from cache: /assets/textures/gameOver.png
19:25:18.181 [JavaFX Application Thread] DEBUG AssetLoader          - Loading from cache: /assets/textures/gameOver.png
19:25:18.198 [JavaFX Application Thread] DEBUG AssetLoader          - Loading from cache: /assets/textures/gameOver.png
19:25:18.214 [JavaFX Application Thread] DEBUG AssetLoader          - Loading from cache: /assets/textures/gameOver.png
19:25:18.231 [JavaFX Application Thread] DEBUG AssetLoader          - Loading from cache: /assets/textures/gameOver.png
19:25:18.247 [JavaFX Application Thread] DEBUG AssetLoader          - Loading from cache: /assets/textures/gameOver.png
19:25:18.264 [JavaFX Application Thread] DEBUG AssetLoader          - Loading from cache: /assets/textures/gameOver.png
19:25:18.280 [JavaFX Application Thread] DEBUG AssetLoader          - Loading from cache: /assets/textures/gameOver.png
19:25:18.297 [JavaFX Application Thread] DEBUG AssetLoader          - Loading from cache: /assets/textures/gameOver.png
19:25:18.314 [JavaFX Application Thread] DEBUG AssetLoader          - Loading from cache: /assets/textures/gameOver.png
19:25:18.331 [JavaFX Application Thread] DEBUG AssetLoader          - Loading from cache: /assets/textures/gameOver.png
19:25:18.347 [JavaFX Application Thread] DEBUG AssetLoader          - Loading from cache: /assets/textures/gameOver.png
19:25:18.364 [JavaFX Application Thread] DEBUG AssetLoader          - Loading from cache: /assets/textures/gameOver.png
19:25:18.380 [JavaFX Application Thread] DEBUG AssetLoader          - Loading from cache: /assets/textures/gameOver.png
19:25:18.397 [JavaFX Application Thread] DEBUG AssetLoader          - Loading from cache: /assets/textures/gameOver.png
19:25:18.414 [JavaFX Application Thread] DEBUG AssetLoader          - Loading from cache: /assets/textures/gameOver.png
19:25:18.431 [JavaFX Application Thread] DEBUG AssetLoader          - Loading from cache: /assets/textures/gameOver.png
19:25:18.448 [JavaFX Application Thread] DEBUG AssetLoader          - Loading from cache: /assets/textures/gameOver.png
19:25:18.464 [JavaFX Application Thread] DEBUG AssetLoader          - Loading from cache: /assets/textures/gameOver.png
19:25:18.481 [JavaFX Application Thread] DEBUG AssetLoader          - Loading from cache: /assets/textures/gameOver.png
19:25:18.498 [JavaFX Application Thread] DEBUG AssetLoader          - Loading from cache: /assets/textures/gameOver.png
19:25:18.514 [JavaFX Application Thread] DEBUG AssetLoader          - Loading from cache: /assets/textures/gameOver.png
19:25:18.531 [JavaFX Application Thread] DEBUG AssetLoader          - Loading from cache: /assets/textures/gameOver.png
19:25:18.546 [JavaFX Application Thread] DEBUG AssetLoader          - Loading from cache: /assets/textures/gameOver.png
19:25:18.564 [JavaFX Application Thread] DEBUG AssetLoader          - Loading from cache: /assets/textures/gameOver.png
19:25:18.581 [JavaFX Application Thread] DEBUG AssetLoader          - Loading from cache: /assets/textures/gameOver.png
19:25:18.598 [JavaFX Application Thread] DEBUG AssetLoader          - Loading from cache: /assets/textures/gameOver.png
19:25:18.614 [JavaFX Application Thread] DEBUG AssetLoader          - Loading from cache: /assets/textures/gameOver.png
19:25:18.631 [JavaFX Application Thread] DEBUG AssetLoader          - Loading from cache: /assets/textures/gameOver.png
19:25:18.648 [JavaFX Application Thread] DEBUG AssetLoader          - Loading from cache: /assets/textures/gameOver.png
19:25:18.665 [JavaFX Application Thread] DEBUG AssetLoader          - Loading from cache: /assets/textures/gameOver.png
19:25:18.681 [JavaFX Application Thread] DEBUG AssetLoader          - Loading from cache: /assets/textures/gameOver.png
19:25:18.697 [JavaFX Application Thread] DEBUG AssetLoader          - Loading from cache: /assets/textures/gameOver.png
19:25:18.714 [JavaFX Application Thread] DEBUG AssetLoader          - Loading from cache: /assets/textures/gameOver.png
19:25:18.731 [JavaFX Application Thread] DEBUG AssetLoader          - Loading from cache: /assets/textures/gameOver.png
19:25:18.748 [JavaFX Application Thread] DEBUG AssetLoader          - Loading from cache: /assets/textures/gameOver.png
19:25:18.764 [JavaFX Application Thread] DEBUG AssetLoader          - Loading from cache: /assets/textures/gameOver.png
19:25:18.781 [JavaFX Application Thread] DEBUG AssetLoader          - Loading from cache: /assets/textures/gameOver.png
19:25:18.798 [JavaFX Application Thread] DEBUG AssetLoader          - Loading from cache: /assets/textures/gameOver.png
19:25:18.815 [JavaFX Application Thread] DEBUG AssetLoader          - Loading from cache: /assets/textures/gameOver.png
19:25:18.831 [JavaFX Application Thread] DEBUG AssetLoader          - Loading from cache: /assets/textures/gameOver.png
19:25:18.847 [JavaFX Application Thread] DEBUG AssetLoader          - Loading from cache: /assets/textures/gameOver.png
19:25:18.865 [JavaFX Application Thread] DEBUG AssetLoader          - Loading from cache: /assets/textures/gameOver.png
19:25:18.881 [JavaFX Application Thread] DEBUG AssetLoader          - Loading from cache: /assets/textures/gameOver.png
19:25:18.898 [JavaFX Application Thread] DEBUG AssetLoader          - Loading from cache: /assets/textures/gameOver.png
19:25:18.915 [JavaFX Application Thread] DEBUG AssetLoader          - Loading from cache: /assets/textures/gameOver.png
19:25:18.931 [JavaFX Application Thread] DEBUG AssetLoader          - Loading from cache: /assets/textures/gameOver.png
19:25:18.948 [JavaFX Application Thread] DEBUG AssetLoader          - Loading from cache: /assets/textures/gameOver.png
19:25:18.964 [JavaFX Application Thread] DEBUG AssetLoader          - Loading from cache: /assets/textures/gameOver.png
19:25:18.981 [JavaFX Application Thread] DEBUG AssetLoader          - Loading from cache: /assets/textures/gameOver.png
19:25:18.997 [JavaFX Application Thread] DEBUG AssetLoader          - Loading from cache: /assets/textures/gameOver.png
19:25:19.015 [JavaFX Application Thread] DEBUG AssetLoader          - Loading from cache: /assets/textures/gameOver.png
19:25:19.031 [JavaFX Application Thread] DEBUG AssetLoader          - Loading from cache: /assets/textures/gameOver.png
19:25:19.048 [JavaFX Application Thread] DEBUG AssetLoader          - Loading from cache: /assets/textures/gameOver.png
19:25:19.064 [JavaFX Application Thread] DEBUG AssetLoader          - Loading from cache: /assets/textures/gameOver.png
19:25:19.081 [JavaFX Application Thread] DEBUG AssetLoader          - Loading from cache: /assets/textures/gameOver.png
19:25:19.098 [JavaFX Application Thread] DEBUG AssetLoader          - Loading from cache: /assets/textures/gameOver.png
19:25:19.115 [JavaFX Application Thread] DEBUG AssetLoader          - Loading from cache: /assets/textures/gameOver.png
19:25:19.131 [JavaFX Application Thread] DEBUG AssetLoader          - Loading from cache: /assets/textures/gameOver.png
19:25:19.147 [JavaFX Application Thread] DEBUG AssetLoader          - Loading from cache: /assets/textures/gameOver.png
19:25:19.165 [JavaFX Application Thread] DEBUG AssetLoader          - Loading from cache: /assets/textures/gameOver.png
19:25:19.181 [JavaFX Application Thread] DEBUG AssetLoader          - Loading from cache: /assets/textures/gameOver.png
19:25:19.198 [JavaFX Application Thread] DEBUG AssetLoader          - Loading from cache: /assets/textures/gameOver.png
19:25:19.215 [JavaFX Application Thread] DEBUG AssetLoader          - Loading from cache: /assets/textures/gameOver.png
19:25:19.231 [JavaFX Application Thread] DEBUG AssetLoader          - Loading from cache: /assets/textures/gameOver.png
19:25:19.248 [JavaFX Application Thread] DEBUG AssetLoader          - Loading from cache: /assets/textures/gameOver.png
19:25:19.265 [JavaFX Application Thread] DEBUG AssetLoader          - Loading from cache: /assets/textures/gameOver.png
19:25:19.281 [JavaFX Application Thread] DEBUG AssetLoader          - Loading from cache: /assets/textures/gameOver.png
19:25:19.298 [JavaFX Application Thread] DEBUG AssetLoader          - Loading from cache: /assets/textures/gameOver.png
19:25:19.315 [JavaFX Application Thread] DEBUG AssetLoader          - Loading from cache: /assets/textures/gameOver.png
19:25:19.331 [JavaFX Application Thread] DEBUG AssetLoader          - Loading from cache: /assets/textures/gameOver.png
19:25:19.348 [JavaFX Application Thread] DEBUG AssetLoader          - Loading from cache: /assets/textures/gameOver.png
19:25:19.365 [JavaFX Application Thread] DEBUG AssetLoader          - Loading from cache: /assets/textures/gameOver.png
19:25:19.382 [JavaFX Application Thread] DEBUG AssetLoader          - Loading from cache: /assets/textures/gameOver.png
19:25:19.398 [JavaFX Application Thread] DEBUG AssetLoader          - Loading from cache: /assets/textures/gameOver.png
19:25:19.414 [JavaFX Application Thread] DEBUG AssetLoader          - Loading from cache: /assets/textures/gameOver.png
19:25:19.431 [JavaFX Application Thread] DEBUG AssetLoader          - Loading from cache: /assets/textures/gameOver.png
19:25:19.448 [JavaFX Application Thread] DEBUG AssetLoader          - Loading from cache: /assets/textures/gameOver.png
19:25:19.465 [JavaFX Application Thread] DEBUG AssetLoader          - Loading from cache: /assets/textures/gameOver.png
19:25:19.482 [JavaFX Application Thread] DEBUG AssetLoader          - Loading from cache: /assets/textures/gameOver.png
19:25:19.498 [JavaFX Application Thread] DEBUG AssetLoader          - Loading from cache: /assets/textures/gameOver.png
19:25:19.515 [JavaFX Application Thread] DEBUG AssetLoader          - Loading from cache: /assets/textures/gameOver.png
19:25:19.531 [JavaFX Application Thread] DEBUG AssetLoader          - Loading from cache: /assets/textures/gameOver.png
19:25:19.548 [JavaFX Application Thread] DEBUG AssetLoader          - Loading from cache: /assets/textures/gameOver.png
19:25:19.565 [JavaFX Application Thread] DEBUG AssetLoader          - Loading from cache: /assets/textures/gameOver.png
19:25:19.582 [JavaFX Application Thread] DEBUG AssetLoader          - Loading from cache: /assets/textures/gameOver.png
19:25:19.598 [JavaFX Application Thread] DEBUG AssetLoader          - Loading from cache: /assets/textures/gameOver.png
19:25:19.615 [JavaFX Application Thread] DEBUG AssetLoader          - Loading from cache: /assets/textures/gameOver.png
19:25:19.632 [JavaFX Application Thread] DEBUG AssetLoader          - Loading from cache: /assets/textures/gameOver.png
19:25:19.648 [JavaFX Application Thread] DEBUG AssetLoader          - Loading from cache: /assets/textures/gameOver.png
19:25:19.665 [JavaFX Application Thread] DEBUG AssetLoader          - Loading from cache: /assets/textures/gameOver.png
19:25:19.682 [JavaFX Application Thread] DEBUG AssetLoader          - Loading from cache: /assets/textures/gameOver.png
19:25:19.698 [JavaFX Application Thread] DEBUG AssetLoader          - Loading from cache: /assets/textures/gameOver.png
19:25:19.715 [JavaFX Application Thread] DEBUG AssetLoader          - Loading from cache: /assets/textures/gameOver.png
19:25:19.732 [JavaFX Application Thread] DEBUG AssetLoader          - Loading from cache: /assets/textures/gameOver.png
19:25:19.748 [JavaFX Application Thread] DEBUG AssetLoader          - Loading from cache: /assets/textures/gameOver.png
19:25:19.765 [JavaFX Application Thread] DEBUG AssetLoader          - Loading from cache: /assets/textures/gameOver.png
19:25:19.782 [JavaFX Application Thread] DEBUG AssetLoader          - Loading from cache: /assets/textures/gameOver.png
19:25:19.798 [JavaFX Application Thread] DEBUG AssetLoader          - Loading from cache: /assets/textures/gameOver.png
19:25:19.815 [JavaFX Application Thread] DEBUG AssetLoader          - Loading from cache: /assets/textures/gameOver.png
19:25:19.832 [JavaFX Application Thread] DEBUG AssetLoader          - Loading from cache: /assets/textures/gameOver.png
19:25:19.848 [JavaFX Application Thread] DEBUG AssetLoader          - Loading from cache: /assets/textures/gameOver.png
19:25:19.865 [JavaFX Application Thread] DEBUG AssetLoader          - Loading from cache: /assets/textures/gameOver.png
19:25:19.882 [JavaFX Application Thread] DEBUG AssetLoader          - Loading from cache: /assets/textures/gameOver.png
19:25:19.898 [JavaFX Application Thread] DEBUG AssetLoader          - Loading from cache: /assets/textures/gameOver.png
19:25:19.915 [JavaFX Application Thread] DEBUG AssetLoader          - Loading from cache: /assets/textures/gameOver.png
19:25:19.932 [JavaFX Application Thread] DEBUG AssetLoader          - Loading from cache: /assets/textures/gameOver.png
19:25:19.948 [JavaFX Application Thread] DEBUG AssetLoader          - Loading from cache: /assets/textures/gameOver.png
19:25:19.965 [JavaFX Application Thread] DEBUG AssetLoader          - Loading from cache: /assets/textures/gameOver.png
19:25:19.982 [JavaFX Application Thread] DEBUG AssetLoader          - Loading from cache: /assets/textures/gameOver.png
19:25:19.998 [JavaFX Application Thread] DEBUG AssetLoader          - Loading from cache: /assets/textures/gameOver.png
19:25:20.015 [JavaFX Application Thread] DEBUG AssetLoader          - Loading from cache: /assets/textures/gameOver.png
19:25:20.032 [JavaFX Application Thread] DEBUG AssetLoader          - Loading from cache: /assets/textures/gameOver.png
19:25:20.048 [JavaFX Application Thread] DEBUG AssetLoader          - Loading from cache: /assets/textures/gameOver.png
19:25:20.064 [JavaFX Application Thread] DEBUG AssetLoader          - Loading from cache: /assets/textures/gameOver.png
19:25:20.082 [JavaFX Application Thread] DEBUG AssetLoader          - Loading from cache: /assets/textures/gameOver.png
19:25:20.099 [JavaFX Application Thread] DEBUG AssetLoader          - Loading from cache: /assets/textures/gameOver.png
19:25:20.115 [JavaFX Application Thread] DEBUG AssetLoader          - Loading from cache: /assets/textures/gameOver.png
19:25:20.132 [JavaFX Application Thread] DEBUG AssetLoader          - Loading from cache: /assets/textures/gameOver.png
19:25:20.149 [JavaFX Application Thread] DEBUG AssetLoader          - Loading from cache: /assets/textures/gameOver.png
19:25:20.165 [JavaFX Application Thread] DEBUG AssetLoader          - Loading from cache: /assets/textures/gameOver.png
19:25:20.181 [JavaFX Application Thread] DEBUG AssetLoader          - Loading from cache: /assets/textures/gameOver.png
19:25:20.197 [JavaFX Application Thread] DEBUG AssetLoader          - Loading from cache: /assets/textures/gameOver.png
19:25:20.215 [JavaFX Application Thread] DEBUG AssetLoader          - Loading from cache: /assets/textures/gameOver.png
19:25:20.232 [JavaFX Application Thread] DEBUG AssetLoader          - Loading from cache: /assets/textures/gameOver.png
19:25:20.249 [JavaFX Application Thread] DEBUG AssetLoader          - Loading from cache: /assets/textures/gameOver.png
19:25:20.265 [JavaFX Application Thread] DEBUG AssetLoader          - Loading from cache: /assets/textures/gameOver.png
19:25:20.282 [JavaFX Application Thread] DEBUG AssetLoader          - Loading from cache: /assets/textures/gameOver.png
19:25:20.298 [JavaFX Application Thread] DEBUG AssetLoader          - Loading from cache: /assets/textures/gameOver.png
19:25:20.315 [JavaFX Application Thread] DEBUG AssetLoader          - Loading from cache: /assets/textures/gameOver.png
19:25:20.332 [JavaFX Application Thread] DEBUG AssetLoader          - Loading from cache: /assets/textures/gameOver.png
19:25:20.349 [JavaFX Application Thread] DEBUG AssetLoader          - Loading from cache: /assets/textures/gameOver.png
19:25:20.365 [JavaFX Application Thread] DEBUG AssetLoader          - Loading from cache: /assets/textures/gameOver.png
19:25:20.382 [JavaFX Application Thread] DEBUG AssetLoader          - Loading from cache: /assets/textures/gameOver.png
19:25:20.398 [JavaFX Application Thread] DEBUG AssetLoader          - Loading from cache: /assets/textures/gameOver.png
19:25:20.415 [JavaFX Application Thread] DEBUG AssetLoader          - Loading from cache: /assets/textures/gameOver.png
19:25:20.431 [JavaFX Application Thread] DEBUG AssetLoader          - Loading from cache: /assets/textures/gameOver.png
19:25:20.448 [JavaFX Application Thread] DEBUG AssetLoader          - Loading from cache: /assets/textures/gameOver.png
19:25:20.466 [JavaFX Application Thread] DEBUG AssetLoader          - Loading from cache: /assets/textures/gameOver.png
19:25:20.482 [JavaFX Application Thread] DEBUG AssetLoader          - Loading from cache: /assets/textures/gameOver.png
19:25:20.499 [JavaFX Application Thread] DEBUG AssetLoader          - Loading from cache: /assets/textures/gameOver.png
19:25:20.515 [JavaFX Application Thread] DEBUG AssetLoader          - Loading from cache: /assets/textures/gameOver.png
19:25:20.532 [JavaFX Application Thread] DEBUG AssetLoader          - Loading from cache: /assets/textures/gameOver.png
19:25:20.549 [JavaFX Application Thread] DEBUG AssetLoader          - Loading from cache: /assets/textures/gameOver.png
19:25:20.565 [JavaFX Application Thread] DEBUG AssetLoader          - Loading from cache: /assets/textures/gameOver.png
19:25:20.582 [JavaFX Application Thread] DEBUG AssetLoader          - Loading from cache: /assets/textures/gameOver.png
19:25:20.599 [JavaFX Application Thread] DEBUG AssetLoader          - Loading from cache: /assets/textures/gameOver.png
19:25:20.614 [JavaFX Application Thread] DEBUG AssetLoader          - Loading from cache: /assets/textures/gameOver.png
19:25:20.632 [JavaFX Application Thread] DEBUG AssetLoader          - Loading from cache: /assets/textures/gameOver.png
19:25:20.648 [JavaFX Application Thread] DEBUG AssetLoader          - Loading from cache: /assets/textures/gameOver.png
19:25:20.664 [JavaFX Application Thread] DEBUG AssetLoader          - Loading from cache: /assets/textures/gameOver.png
19:25:20.682 [JavaFX Application Thread] DEBUG AssetLoader          - Loading from cache: /assets/textures/gameOver.png
19:25:20.697 [JavaFX Application Thread] DEBUG AssetLoader          - Loading from cache: /assets/textures/gameOver.png
19:25:20.714 [JavaFX Application Thread] DEBUG AssetLoader          - Loading from cache: /assets/textures/gameOver.png
19:25:20.731 [JavaFX Application Thread] DEBUG AssetLoader          - Loading from cache: /assets/textures/gameOver.png
19:25:20.748 [JavaFX Application Thread] DEBUG AssetLoader          - Loading from cache: /assets/textures/gameOver.png
19:25:20.765 [JavaFX Application Thread] DEBUG AssetLoader          - Loading from cache: /assets/textures/gameOver.png
19:25:20.782 [JavaFX Application Thread] DEBUG AssetLoader          - Loading from cache: /assets/textures/gameOver.png
19:25:20.798 [JavaFX Application Thread] DEBUG AssetLoader          - Loading from cache: /assets/textures/gameOver.png
19:25:20.815 [JavaFX Application Thread] DEBUG AssetLoader          - Loading from cache: /assets/textures/gameOver.png
19:25:20.831 [JavaFX Application Thread] DEBUG AssetLoader          - Loading from cache: /assets/textures/gameOver.png
19:25:20.848 [JavaFX Application Thread] DEBUG AssetLoader          - Loading from cache: /assets/textures/gameOver.png
19:25:20.865 [JavaFX Application Thread] DEBUG AssetLoader          - Loading from cache: /assets/textures/gameOver.png
19:25:20.881 [JavaFX Application Thread] DEBUG AssetLoader          - Loading from cache: /assets/textures/gameOver.png
19:25:20.898 [JavaFX Application Thread] DEBUG AssetLoader          - Loading from cache: /assets/textures/gameOver.png
19:25:20.915 [JavaFX Application Thread] DEBUG AssetLoader          - Loading from cache: /assets/textures/gameOver.png
19:25:20.931 [JavaFX Application Thread] DEBUG AssetLoader          - Loading from cache: /assets/textures/gameOver.png
19:25:20.948 [JavaFX Application Thread] DEBUG AssetLoader          - Loading from cache: /assets/textures/gameOver.png
19:25:20.964 [JavaFX Application Thread] DEBUG AssetLoader          - Loading from cache: /assets/textures/gameOver.png
19:25:20.981 [JavaFX Application Thread] DEBUG AssetLoader          - Loading from cache: /assets/textures/gameOver.png
19:25:20.998 [JavaFX Application Thread] DEBUG AssetLoader          - Loading from cache: /assets/textures/gameOver.png
19:25:21.014 [JavaFX Application Thread] DEBUG AssetLoader          - Loading from cache: /assets/textures/gameOver.png
19:25:21.032 [JavaFX Application Thread] DEBUG AssetLoader          - Loading from cache: /assets/textures/gameOver.png
19:25:21.048 [JavaFX Application Thread] DEBUG AssetLoader          - Loading from cache: /assets/textures/gameOver.png
19:25:21.065 [JavaFX Application Thread] DEBUG AssetLoader          - Loading from cache: /assets/textures/gameOver.png
19:25:21.082 [JavaFX Application Thread] DEBUG AssetLoader          - Loading from cache: /assets/textures/gameOver.png
19:25:21.098 [JavaFX Application Thread] DEBUG AssetLoader          - Loading from cache: /assets/textures/gameOver.png
19:25:21.115 [JavaFX Application Thread] DEBUG AssetLoader          - Loading from cache: /assets/textures/gameOver.png
19:25:21.131 [JavaFX Application Thread] DEBUG AssetLoader          - Loading from cache: /assets/textures/gameOver.png
19:25:21.148 [JavaFX Application Thread] DEBUG AssetLoader          - Loading from cache: /assets/textures/gameOver.png
19:25:21.164 [JavaFX Application Thread] DEBUG AssetLoader          - Loading from cache: /assets/textures/gameOver.png
19:25:21.181 [JavaFX Application Thread] DEBUG AssetLoader          - Loading from cache: /assets/textures/gameOver.png
19:25:21.198 [JavaFX Application Thread] DEBUG AssetLoader          - Loading from cache: /assets/textures/gameOver.png
19:25:21.215 [JavaFX Application Thread] DEBUG AssetLoader          - Loading from cache: /assets/textures/gameOver.png
19:25:21.231 [JavaFX Application Thread] DEBUG AssetLoader          - Loading from cache: /assets/textures/gameOver.png
19:25:21.248 [JavaFX Application Thread] DEBUG AssetLoader          - Loading from cache: /assets/textures/gameOver.png
19:25:21.264 [JavaFX Application Thread] DEBUG AssetLoader          - Loading from cache: /assets/textures/gameOver.png
19:25:21.282 [JavaFX Application Thread] DEBUG AssetLoader          - Loading from cache: /assets/textures/gameOver.png
19:25:21.298 [JavaFX Application Thread] DEBUG AssetLoader          - Loading from cache: /assets/textures/gameOver.png
19:25:21.314 [JavaFX Application Thread] DEBUG AssetLoader          - Loading from cache: /assets/textures/gameOver.png
19:25:21.331 [JavaFX Application Thread] DEBUG AssetLoader          - Loading from cache: /assets/textures/gameOver.png
19:25:21.348 [JavaFX Application Thread] DEBUG AssetLoader          - Loading from cache: /assets/textures/gameOver.png
19:25:21.364 [JavaFX Application Thread] DEBUG AssetLoader          - Loading from cache: /assets/textures/gameOver.png
19:25:21.382 [JavaFX Application Thread] DEBUG AssetLoader          - Loading from cache: /assets/textures/gameOver.png
19:25:21.398 [JavaFX Application Thread] DEBUG AssetLoader          - Loading from cache: /assets/textures/gameOver.png
19:25:21.415 [JavaFX Application Thread] DEBUG AssetLoader          - Loading from cache: /assets/textures/gameOver.png
19:25:21.431 [JavaFX Application Thread] DEBUG AssetLoader          - Loading from cache: /assets/textures/gameOver.png
19:25:21.448 [JavaFX Application Thread] DEBUG AssetLoader          - Loading from cache: /assets/textures/gameOver.png
19:25:21.464 [JavaFX Application Thread] DEBUG AssetLoader          - Loading from cache: /assets/textures/gameOver.png
19:25:21.481 [JavaFX Application Thread] DEBUG AssetLoader          - Loading from cache: /assets/textures/gameOver.png
19:25:21.498 [JavaFX Application Thread] DEBUG AssetLoader          - Loading from cache: /assets/textures/gameOver.png
19:25:21.515 [JavaFX Application Thread] DEBUG AssetLoader          - Loading from cache: /assets/textures/gameOver.png
19:25:21.531 [JavaFX Application Thread] DEBUG AssetLoader          - Loading from cache: /assets/textures/gameOver.png
19:25:21.548 [JavaFX Application Thread] DEBUG AssetLoader          - Loading from cache: /assets/textures/gameOver.png
19:25:21.565 [JavaFX Application Thread] DEBUG AssetLoader          - Loading from cache: /assets/textures/gameOver.png
19:25:21.582 [JavaFX Application Thread] DEBUG AssetLoader          - Loading from cache: /assets/textures/gameOver.png
19:25:21.598 [JavaFX Application Thread] DEBUG AssetLoader          - Loading from cache: /assets/textures/gameOver.png
19:25:21.615 [JavaFX Application Thread] DEBUG AssetLoader          - Loading from cache: /assets/textures/gameOver.png
19:25:21.632 [JavaFX Application Thread] DEBUG AssetLoader          - Loading from cache: /assets/textures/gameOver.png
19:25:21.648 [JavaFX Application Thread] DEBUG AssetLoader          - Loading from cache: /assets/textures/gameOver.png
19:25:21.664 [JavaFX Application Thread] DEBUG AssetLoader          - Loading from cache: /assets/textures/gameOver.png
19:25:21.683 [JavaFX Application Thread] DEBUG AssetLoader          - Loading from cache: /assets/textures/gameOver.png
19:25:21.698 [JavaFX Application Thread] DEBUG AssetLoader          - Loading from cache: /assets/textures/gameOver.png
19:25:21.716 [JavaFX Application Thread] DEBUG AssetLoader          - Loading from cache: /assets/textures/gameOver.png
19:25:21.731 [JavaFX Application Thread] DEBUG AssetLoader          - Loading from cache: /assets/textures/gameOver.png
19:25:21.748 [JavaFX Application Thread] DEBUG AssetLoader          - Loading from cache: /assets/textures/gameOver.png
19:25:21.765 [JavaFX Application Thread] DEBUG AssetLoader          - Loading from cache: /assets/textures/gameOver.png
19:25:21.782 [JavaFX Application Thread] DEBUG AssetLoader          - Loading from cache: /assets/textures/gameOver.png
19:25:21.798 [JavaFX Application Thread] DEBUG AssetLoader          - Loading from cache: /assets/textures/gameOver.png
19:25:21.815 [JavaFX Application Thread] DEBUG AssetLoader          - Loading from cache: /assets/textures/gameOver.png
19:25:21.831 [JavaFX Application Thread] DEBUG AssetLoader          - Loading from cache: /assets/textures/gameOver.png
19:25:21.848 [JavaFX Application Thread] DEBUG AssetLoader          - Loading from cache: /assets/textures/gameOver.png
19:25:21.865 [JavaFX Application Thread] DEBUG AssetLoader          - Loading from cache: /assets/textures/gameOver.png
19:25:21.881 [JavaFX Application Thread] DEBUG AssetLoader          - Loading from cache: /assets/textures/gameOver.png
19:25:21.899 [JavaFX Application Thread] DEBUG AssetLoader          - Loading from cache: /assets/textures/gameOver.png
19:25:21.915 [JavaFX Application Thread] DEBUG AssetLoader          - Loading from cache: /assets/textures/gameOver.png
19:25:21.931 [JavaFX Application Thread] DEBUG AssetLoader          - Loading from cache: /assets/textures/gameOver.png
19:25:21.948 [JavaFX Application Thread] DEBUG AssetLoader          - Loading from cache: /assets/textures/gameOver.png
19:25:21.965 [JavaFX Application Thread] DEBUG AssetLoader          - Loading from cache: /assets/textures/gameOver.png
19:25:21.983 [JavaFX Application Thread] DEBUG AssetLoader          - Loading from cache: /assets/textures/gameOver.png
19:25:21.998 [JavaFX Application Thread] DEBUG AssetLoader          - Loading from cache: /assets/textures/gameOver.png
19:25:22.015 [JavaFX Application Thread] DEBUG AssetLoader          - Loading from cache: /assets/textures/gameOver.png
19:25:22.031 [JavaFX Application Thread] DEBUG AssetLoader          - Loading from cache: /assets/textures/gameOver.png
19:25:22.049 [JavaFX Application Thread] DEBUG AssetLoader          - Loading from cache: /assets/textures/gameOver.png
19:25:22.065 [JavaFX Application Thread] DEBUG AssetLoader          - Loading from cache: /assets/textures/gameOver.png
19:25:22.082 [JavaFX Application Thread] DEBUG AssetLoader          - Loading from cache: /assets/textures/gameOver.png
19:25:22.099 [JavaFX Application Thread] DEBUG AssetLoader          - Loading from cache: /assets/textures/gameOver.png
19:25:22.115 [JavaFX Application Thread] DEBUG AssetLoader          - Loading from cache: /assets/textures/gameOver.png
19:25:22.131 [JavaFX Application Thread] DEBUG AssetLoader          - Loading from cache: /assets/textures/gameOver.png
19:25:22.149 [JavaFX Application Thread] DEBUG AssetLoader          - Loading from cache: /assets/textures/gameOver.png
19:25:22.165 [JavaFX Application Thread] DEBUG AssetLoader          - Loading from cache: /assets/textures/gameOver.png
19:25:22.182 [JavaFX Application Thread] DEBUG AssetLoader          - Loading from cache: /assets/textures/gameOver.png
19:25:22.198 [JavaFX Application Thread] DEBUG AssetLoader          - Loading from cache: /assets/textures/gameOver.png
19:25:22.215 [JavaFX Application Thread] DEBUG AssetLoader          - Loading from cache: /assets/textures/gameOver.png
19:25:22.231 [JavaFX Application Thread] DEBUG AssetLoader          - Loading from cache: /assets/textures/gameOver.png
19:25:22.249 [JavaFX Application Thread] DEBUG AssetLoader          - Loading from cache: /assets/textures/gameOver.png
19:25:22.265 [JavaFX Application Thread] DEBUG AssetLoader          - Loading from cache: /assets/textures/gameOver.png
19:25:22.282 [JavaFX Application Thread] DEBUG AssetLoader          - Loading from cache: /assets/textures/gameOver.png
19:25:22.298 [JavaFX Application Thread] DEBUG AssetLoader          - Loading from cache: /assets/textures/gameOver.png
19:25:22.316 [JavaFX Application Thread] DEBUG AssetLoader          - Loading from cache: /assets/textures/gameOver.png
19:25:22.332 [JavaFX Application Thread] DEBUG AssetLoader          - Loading from cache: /assets/textures/gameOver.png
19:25:22.349 [JavaFX Application Thread] DEBUG AssetLoader          - Loading from cache: /assets/textures/gameOver.png
19:25:22.365 [JavaFX Application Thread] DEBUG AssetLoader          - Loading from cache: /assets/textures/gameOver.png
19:25:22.382 [JavaFX Application Thread] DEBUG AssetLoader          - Loading from cache: /assets/textures/gameOver.png
19:25:22.399 [JavaFX Application Thread] DEBUG AssetLoader          - Loading from cache: /assets/textures/gameOver.png
19:25:22.416 [JavaFX Application Thread] DEBUG AssetLoader          - Loading from cache: /assets/textures/gameOver.png
19:25:22.432 [JavaFX Application Thread] DEBUG AssetLoader          - Loading from cache: /assets/textures/gameOver.png
19:25:22.449 [JavaFX Application Thread] DEBUG AssetLoader          - Loading from cache: /assets/textures/gameOver.png
19:25:22.466 [JavaFX Application Thread] DEBUG AssetLoader          - Loading from cache: /assets/textures/gameOver.png
19:25:22.482 [JavaFX Application Thread] DEBUG AssetLoader          - Loading from cache: /assets/textures/gameOver.png
19:25:22.498 [JavaFX Application Thread] DEBUG AssetLoader          - Loading from cache: /assets/textures/gameOver.png
19:25:22.515 [JavaFX Application Thread] DEBUG AssetLoader          - Loading from cache: /assets/textures/gameOver.png
19:25:22.532 [JavaFX Application Thread] DEBUG AssetLoader          - Loading from cache: /assets/textures/gameOver.png
19:25:22.548 [JavaFX Application Thread] DEBUG AssetLoader          - Loading from cache: /assets/textures/gameOver.png
19:25:22.565 [JavaFX Application Thread] DEBUG AssetLoader          - Loading from cache: /assets/textures/gameOver.png
19:25:22.582 [JavaFX Application Thread] DEBUG AssetLoader          - Loading from cache: /assets/textures/gameOver.png
19:25:22.599 [JavaFX Application Thread] DEBUG AssetLoader          - Loading from cache: /assets/textures/gameOver.png
19:25:22.616 [JavaFX Application Thread] DEBUG AssetLoader          - Loading from cache: /assets/textures/gameOver.png
19:25:22.632 [JavaFX Application Thread] DEBUG AssetLoader          - Loading from cache: /assets/textures/gameOver.png
19:25:22.650 [JavaFX Application Thread] DEBUG AssetLoader          - Loading from cache: /assets/textures/gameOver.png
19:25:22.665 [JavaFX Application Thread] DEBUG AssetLoader          - Loading from cache: /assets/textures/gameOver.png
19:25:22.682 [JavaFX Application Thread] DEBUG AssetLoader          - Loading from cache: /assets/textures/gameOver.png
19:25:22.699 [JavaFX Application Thread] DEBUG AssetLoader          - Loading from cache: /assets/textures/gameOver.png
19:25:22.716 [JavaFX Application Thread] DEBUG AssetLoader          - Loading from cache: /assets/textures/gameOver.png
19:25:22.733 [JavaFX Application Thread] DEBUG AssetLoader          - Loading from cache: /assets/textures/gameOver.png
19:25:22.749 [JavaFX Application Thread] DEBUG AssetLoader          - Loading from cache: /assets/textures/gameOver.png
19:25:22.766 [JavaFX Application Thread] DEBUG AssetLoader          - Loading from cache: /assets/textures/gameOver.png
19:25:22.782 [JavaFX Application Thread] DEBUG AssetLoader          - Loading from cache: /assets/textures/gameOver.png
19:25:22.799 [JavaFX Application Thread] DEBUG AssetLoader          - Loading from cache: /assets/textures/gameOver.png
19:25:22.816 [JavaFX Application Thread] DEBUG AssetLoader          - Loading from cache: /assets/textures/gameOver.png
19:25:22.833 [JavaFX Application Thread] DEBUG AssetLoader          - Loading from cache: /assets/textures/gameOver.png
19:25:22.849 [JavaFX Application Thread] DEBUG AssetLoader          - Loading from cache: /assets/textures/gameOver.png
19:25:22.866 [JavaFX Application Thread] DEBUG AssetLoader          - Loading from cache: /assets/textures/gameOver.png
19:25:22.883 [JavaFX Application Thread] DEBUG AssetLoader          - Loading from cache: /assets/textures/gameOver.png
19:25:22.899 [JavaFX Application Thread] DEBUG AssetLoader          - Loading from cache: /assets/textures/gameOver.png
19:25:22.916 [JavaFX Application Thread] DEBUG AssetLoader          - Loading from cache: /assets/textures/gameOver.png
19:25:22.933 [JavaFX Application Thread] DEBUG AssetLoader          - Loading from cache: /assets/textures/gameOver.png
19:25:22.949 [JavaFX Application Thread] DEBUG AssetLoader          - Loading from cache: /assets/textures/gameOver.png
19:25:22.966 [JavaFX Application Thread] DEBUG AssetLoader          - Loading from cache: /assets/textures/gameOver.png
19:25:22.982 [JavaFX Application Thread] DEBUG AssetLoader          - Loading from cache: /assets/textures/gameOver.png
19:25:22.999 [JavaFX Application Thread] DEBUG AssetLoader          - Loading from cache: /assets/textures/gameOver.png
19:25:23.016 [JavaFX Application Thread] DEBUG AssetLoader          - Loading from cache: /assets/textures/gameOver.png
19:25:23.033 [JavaFX Application Thread] DEBUG AssetLoader          - Loading from cache: /assets/textures/gameOver.png
19:25:23.050 [JavaFX Application Thread] DEBUG AssetLoader          - Loading from cache: /assets/textures/gameOver.png
19:25:23.066 [JavaFX Application Thread] DEBUG AssetLoader          - Loading from cache: /assets/textures/gameOver.png
19:25:23.083 [JavaFX Application Thread] DEBUG AssetLoader          - Loading from cache: /assets/textures/gameOver.png
19:25:23.099 [JavaFX Application Thread] DEBUG AssetLoader          - Loading from cache: /assets/textures/gameOver.png
19:25:23.117 [JavaFX Application Thread] DEBUG AssetLoader          - Loading from cache: /assets/textures/gameOver.png
19:25:23.132 [JavaFX Application Thread] DEBUG AssetLoader          - Loading from cache: /assets/textures/gameOver.png
19:25:23.149 [JavaFX Application Thread] DEBUG AssetLoader          - Loading from cache: /assets/textures/gameOver.png
19:25:23.165 [JavaFX Application Thread] DEBUG AssetLoader          - Loading from cache: /assets/textures/gameOver.png
19:25:23.182 [JavaFX Application Thread] DEBUG AssetLoader          - Loading from cache: /assets/textures/gameOver.png
19:25:23.199 [JavaFX Application Thread] DEBUG AssetLoader          - Loading from cache: /assets/textures/gameOver.png
19:25:23.215 [JavaFX Application Thread] DEBUG GameApplication      - Exiting game application
19:25:23.217 [JavaFX Application Thread] DEBUG GameApplication      - Exiting FXGL
19:25:23.217 [JavaFX Application Thread] DEBUG FXGL                 - Saving FXGL system data
19:25:23.218 [JavaFX Application Thread] DEBUG IOTask               - Executing task: writeDataTask(system/fxgl.bundle)
19:25:23.220 [JavaFX Application Thread] DEBUG FS                   - Writing to: system/fxgl.bundle
19:25:23.224 [JavaFX Application Thread] DEBUG IOTask               - Task succeeded: writeDataTask(system/fxgl.bundle)
19:25:23.224 [JavaFX Application Thread] DEBUG GameApplication      - Closing logger and exiting JavaFX
