17:26:15.817 [JavaFX Application Thread] DEBUG GameApplication      - Logger initialized
17:26:16.498 [JavaFX Application Thread] DEBUG GameApplication      - Starting FXGL
17:26:16.498 [JavaFX Application Thread] INFO  Version              - FXGL-0.3.8
17:26:16.498 [JavaFX Application Thread] INFO  Version              - Source code and latest versions at: https://github.com/AlmasB/FXGL
17:26:16.499 [JavaFX Application Thread] INFO  Version              -              Join the FXGL chat at: https://gitter.im/AlmasB/FXGL
17:26:17.057 [FXGL Launcher Thread     ] DEBUG FXGL                 - Loading FXGL system data
17:26:17.066 [FXGL Launcher Thread     ] DEBUG IOTask               - Executing task: readDataTask(system/fxgl.bundle)
17:26:17.078 [FXGL Launcher Thread     ] DEBUG FS                   - Reading from: system/fxgl.bundle
17:26:17.091 [FXGL Launcher Thread     ] DEBUG IOTask               - Task succeeded: readDataTask(system/fxgl.bundle)
17:26:17.092 [FXGL Launcher Thread     ] DEBUG Bundle               - Logging bundle: FXGL
17:26:17.092 [FXGL Launcher Thread     ] DEBUG Bundle               - FXGL.offline.timer.version.check=2018-02-06T21:33:15.123
17:26:17.093 [FXGL Launcher Thread     ] DEBUG GameApplication      - FXGL configuration complete
17:26:17.096 [FXGL Launcher Thread     ] INFO  GameApplication      - FXGL configuration took:  0.592 sec
17:26:17.097 [FXGL Launcher Thread     ] DEBUG GameApplication      - Logging game settings
Title: FlappyBird
Version: 0.1
Width: 275
Height: 400
Fullscreen: false
Intro: true
Menus: false
Profiling: false
App Mode: RELEASE
Menu Key: ESCAPE
Scene Factory: class com.almasb.fxgl.scene.SceneFactory
Dialog Factory: class com.almasb.fxgl.service.impl.display.FXGLDialogFactory
UI Factory: class com.almasb.fxgl.service.impl.ui.FXGLUIFactory
Notification Service: class com.almasb.fxgl.service.impl.notification.SlidingNotificationService
Exception Handler: class com.almasb.fxgl.app.FXGLExceptionHandler
17:26:17.103 [FXGL Launcher Thread     ] DEBUG GameApplication      - Configuring GameApplication
17:26:17.108 [FXGL Launcher Thread     ] DEBUG AppStateMachine      - Initializing application states
17:26:17.177 [FXGL Launcher Thread     ] DEBUG AssetLoader          - Asset cacheSize=35
17:26:17.177 [FXGL Launcher Thread     ] DEBUG AssetLoader          - Loading from disk: /assets/ui/cursors/fxgl_default.png
17:26:17.218 [FXGL Launcher Thread     ] DEBUG AssetLoader          - Loading from disk: /assets/ui/cursors/fxgl_default.png
17:26:17.226 [FXGL Launcher Thread     ] DEBUG AssetLoader          - Loading from disk: /assets/sounds/core/notification.wav
17:26:17.299 [FXGL Launcher Thread     ] DEBUG AssetLoader          - Loading from disk: /assets/sounds/menu/select.wav
17:26:17.301 [FXGL Launcher Thread     ] DEBUG AssetLoader          - Loading from disk: /assets/sounds/menu/back.wav
17:26:17.302 [FXGL Launcher Thread     ] DEBUG AssetLoader          - Loading from disk: /assets/sounds/menu/press.wav
17:26:17.304 [FXGL Launcher Thread     ] DEBUG AssetLoader          - Loading from disk: /assets/ui/fonts/Copperplate_Gothic_Light_Regular.ttf
17:26:17.338 [FXGL Launcher Thread     ] DEBUG AssetLoader          - Loading from disk: /assets/ui/fonts/lucida_console.ttf
17:26:17.343 [FXGL Launcher Thread     ] DEBUG AssetLoader          - Loading from disk: /assets/ui/css/fxgl_dark.css
17:26:17.343 [FXGL Launcher Thread     ] DEBUG AssetLoader          - Loading from disk: /assets/ui/icons/fxgl_icon.png
17:26:17.470 [FXGL Launcher Thread     ] DEBUG AssetLoader          - Loading from disk: /assets/ui/cursors/fxgl_default.png
17:26:17.517 [FXGL Launcher Thread     ] DEBUG FXGL.GameScene       - Game scene initialized: 275x400
17:26:17.524 [FXGL Launcher Thread     ] DEBUG FXGL.GameWorld       - Game world initialized
17:26:17.607 [FXGL Launcher Thread     ] DEBUG FXGL.PhysicsWorld    - Physics world initialized: appHeight=400, physics.ppm=50.0
17:26:17.710 [FXGL Launcher Thread     ] DEBUG Input                - Registered new binding: Pause - Esc
17:26:17.732 [FXGL Launcher Thread     ] DEBUG AssetLoader          - Loading from disk: /assets/ui/cursors/fxgl_default.png
17:26:17.753 [FXGL Launcher Thread     ] INFO  GameApplication      - Game configuration took:  0.650 sec
17:26:17.757 [JavaFX Application Thread] DEBUG MainWindow           - Target size: 275.0 x 400.0 @ 1.0
17:26:17.757 [JavaFX Application Thread] DEBUG MainWindow           - New size:    275.0 x 400.0 @ 1.0
17:26:17.757 [JavaFX Application Thread] DEBUG MainWindow           - Opening main window
17:26:17.832 [JavaFX Application Thread] DEBUG MainWindow           - Root size:  275.0x400.0
17:26:17.832 [JavaFX Application Thread] DEBUG MainWindow           - Scene size: 275.0x400.0
17:26:17.832 [JavaFX Application Thread] DEBUG MainWindow           - Stage size: 275.0x422.0
17:26:17.832 [JavaFX Application Thread] DEBUG GameApplication      - Running preInit()
17:26:17.833 [JavaFX Application Thread] DEBUG Input                - Registered new binding: Screenshot - P
17:26:17.834 [JavaFX Application Thread] DEBUG Input                - Registered new binding: Dev Options - CTRL+0
17:26:17.834 [JavaFX Application Thread] DEBUG Input                - Registered new binding: Move Up - Up
17:26:17.880 [JavaFX Application Thread] DEBUG GameApplication      - Starting main loop
17:26:17.899 [JavaFX Application Thread] DEBUG StartupState         - STARTUP
17:26:17.900 [JavaFX Application Thread] DEBUG Input                - Clearing active input actions
17:26:17.900 [JavaFX Application Thread] DEBUG AppStateMachine      - StartupState -> IntroState
17:26:23.399 [JavaFX Application Thread] DEBUG EventBus             - Firing event: IntroFinishedEvent
17:26:23.401 [JavaFX Application Thread] DEBUG GameApplication      - Starting new game
17:26:23.401 [JavaFX Application Thread] DEBUG Input                - Clearing active input actions
17:26:23.401 [JavaFX Application Thread] DEBUG AppStateMachine      - IntroState -> LoadingState
17:26:23.419 [JavaFX Application Thread] WARN  AnnotationParser     - FlappyishGame has no package or contains uppercase letters. Disabling annotations processing
17:26:23.427 [FXGL Background Thread 1 ] DEBUG InitAppTask          - Clearing previous game
17:26:23.427 [FXGL Background Thread 1 ] DEBUG FXGL.GameWorld       - Clearing game world
17:26:23.428 [FXGL Background Thread 1 ] DEBUG FXGL.PhysicsWorld    - Clearing physics world
17:26:23.429 [FXGL Background Thread 1 ] DEBUG FXGL.GameScene       - Clearing game scene
17:26:23.429 [FXGL Background Thread 1 ] DEBUG InitAppTask          - Initializing Assets
17:26:23.430 [FXGL Background Thread 1 ] DEBUG InitAppTask          - Initializing Game
17:26:23.432 [FXGL Background Thread 1 ] DEBUG AssetLoader          - Loading from disk: /assets/textures/flappySpriteSheet.png
17:26:23.557 [FXGL Background Thread 1 ] DEBUG FXGL.GameScene       - Creating render group for layer: TOP(2147483647)
17:26:23.572 [FXGL Background Thread 1 ] DEBUG AssetLoader          - Loading from disk: /assets/textures/ground.png
17:26:23.580 [FXGL Background Thread 1 ] DEBUG AssetLoader          - Loading from cache: /assets/textures/ground.png
17:26:23.585 [FXGL Background Thread 1 ] DEBUG InitAppTask          - Initializing Physics
17:26:23.586 [FXGL Background Thread 1 ] DEBUG InitAppTask          - Initializing UI
17:26:23.586 [FXGL Background Thread 1 ] DEBUG AssetLoader          - Loading from disk: /assets/textures/background.png
17:26:23.594 [FXGL Background Thread 1 ] DEBUG FXGL.GameScene       - Creating render group for layer: BACKGROUND(1000)
17:26:23.604 [FXGL Background Thread 1 ] DEBUG InitAppTask          - Initialization Complete
17:26:23.605 [FXGL Background Thread 1 ] INFO  InitAppTask          - Game initialization took: 0.178 sec
17:26:23.616 [JavaFX Application Thread] DEBUG Input                - Clearing active input actions
17:26:23.616 [JavaFX Application Thread] DEBUG AppStateMachine      - LoadingState -> PlayState
17:26:24.168 [JavaFX Application Thread] DEBUG Input                - Mocking key release: Up
17:26:24.316 [JavaFX Application Thread] DEBUG Input                - Mocking key release: Up
17:26:24.683 [JavaFX Application Thread] DEBUG Input                - Mocking key release: Up
17:26:24.751 [JavaFX Application Thread] DEBUG AssetLoader          - Loading from disk: /assets/textures/top.png
17:26:24.757 [JavaFX Application Thread] DEBUG AssetLoader          - Loading from disk: /assets/textures/bottom.png
17:26:24.761 [JavaFX Application Thread] DEBUG AssetLoader          - Loading from cache: /assets/textures/ground.png
17:26:25.270 [JavaFX Application Thread] DEBUG Input                - Mocking key release: Up
17:26:25.700 [JavaFX Application Thread] DEBUG Input                - Mocking key release: Up
17:26:25.868 [JavaFX Application Thread] DEBUG AssetLoader          - Loading from cache: /assets/textures/top.png
17:26:25.870 [JavaFX Application Thread] DEBUG AssetLoader          - Loading from cache: /assets/textures/bottom.png
17:26:25.871 [JavaFX Application Thread] DEBUG AssetLoader          - Loading from cache: /assets/textures/ground.png
17:26:26.167 [JavaFX Application Thread] DEBUG Input                - Mocking key release: Up
17:26:26.317 [JavaFX Application Thread] DEBUG Input                - Mocking key release: Up
17:26:26.434 [JavaFX Application Thread] DEBUG Input                - Mocking key release: Up
17:26:27.002 [JavaFX Application Thread] DEBUG AssetLoader          - Loading from cache: /assets/textures/top.png
17:26:27.004 [JavaFX Application Thread] DEBUG AssetLoader          - Loading from cache: /assets/textures/bottom.png
17:26:27.006 [JavaFX Application Thread] DEBUG AssetLoader          - Loading from cache: /assets/textures/ground.png
17:26:27.118 [JavaFX Application Thread] DEBUG Input                - Mocking key release: Up
17:26:27.401 [JavaFX Application Thread] DEBUG Input                - Mocking key release: Up
17:26:27.801 [JavaFX Application Thread] DEBUG Input                - Mocking key release: Up
17:26:28.119 [JavaFX Application Thread] DEBUG AssetLoader          - Loading from cache: /assets/textures/top.png
17:26:28.122 [JavaFX Application Thread] DEBUG AssetLoader          - Loading from cache: /assets/textures/bottom.png
17:26:28.123 [JavaFX Application Thread] DEBUG AssetLoader          - Loading from cache: /assets/textures/ground.png
17:26:28.485 [JavaFX Application Thread] DEBUG Input                - Mocking key release: Up
17:26:28.635 [JavaFX Application Thread] DEBUG Input                - Mocking key release: Up
17:26:28.735 [JavaFX Application Thread] DEBUG Input                - Mocking key release: Up
17:26:28.785 [JavaFX Application Thread] DEBUG AssetLoader          - Loading from disk: /assets/textures/gameOver.png
17:26:28.801 [JavaFX Application Thread] DEBUG AssetLoader          - Loading from cache: /assets/textures/gameOver.png
17:26:28.818 [JavaFX Application Thread] DEBUG AssetLoader          - Loading from cache: /assets/textures/gameOver.png
17:26:28.835 [JavaFX Application Thread] DEBUG AssetLoader          - Loading from cache: /assets/textures/gameOver.png
17:26:28.852 [JavaFX Application Thread] DEBUG AssetLoader          - Loading from cache: /assets/textures/gameOver.png
17:26:28.868 [JavaFX Application Thread] DEBUG AssetLoader          - Loading from cache: /assets/textures/gameOver.png
17:26:28.886 [JavaFX Application Thread] DEBUG AssetLoader          - Loading from cache: /assets/textures/gameOver.png
17:26:28.902 [JavaFX Application Thread] DEBUG AssetLoader          - Loading from cache: /assets/textures/gameOver.png
17:26:28.919 [JavaFX Application Thread] DEBUG AssetLoader          - Loading from cache: /assets/textures/gameOver.png
17:26:28.936 [JavaFX Application Thread] DEBUG AssetLoader          - Loading from cache: /assets/textures/gameOver.png
17:26:28.952 [JavaFX Application Thread] DEBUG AssetLoader          - Loading from cache: /assets/textures/gameOver.png
17:26:28.968 [JavaFX Application Thread] DEBUG AssetLoader          - Loading from cache: /assets/textures/gameOver.png
17:26:28.986 [JavaFX Application Thread] DEBUG AssetLoader          - Loading from cache: /assets/textures/gameOver.png
17:26:29.001 [JavaFX Application Thread] DEBUG AssetLoader          - Loading from cache: /assets/textures/gameOver.png
17:26:29.018 [JavaFX Application Thread] DEBUG AssetLoader          - Loading from cache: /assets/textures/gameOver.png
17:26:29.036 [JavaFX Application Thread] DEBUG AssetLoader          - Loading from cache: /assets/textures/gameOver.png
17:26:29.052 [JavaFX Application Thread] DEBUG AssetLoader          - Loading from cache: /assets/textures/gameOver.png
17:26:29.069 [JavaFX Application Thread] DEBUG AssetLoader          - Loading from cache: /assets/textures/gameOver.png
17:26:29.086 [JavaFX Application Thread] DEBUG AssetLoader          - Loading from cache: /assets/textures/gameOver.png
17:26:29.102 [JavaFX Application Thread] DEBUG AssetLoader          - Loading from cache: /assets/textures/gameOver.png
17:26:29.119 [JavaFX Application Thread] DEBUG AssetLoader          - Loading from cache: /assets/textures/gameOver.png
17:26:29.136 [JavaFX Application Thread] DEBUG AssetLoader          - Loading from cache: /assets/textures/gameOver.png
17:26:29.152 [JavaFX Application Thread] DEBUG AssetLoader          - Loading from cache: /assets/textures/gameOver.png
17:26:29.169 [JavaFX Application Thread] DEBUG AssetLoader          - Loading from cache: /assets/textures/gameOver.png
17:26:29.186 [JavaFX Application Thread] DEBUG AssetLoader          - Loading from cache: /assets/textures/gameOver.png
17:26:29.202 [JavaFX Application Thread] DEBUG AssetLoader          - Loading from cache: /assets/textures/gameOver.png
17:26:29.218 [JavaFX Application Thread] DEBUG AssetLoader          - Loading from cache: /assets/textures/gameOver.png
17:26:29.235 [JavaFX Application Thread] DEBUG AssetLoader          - Loading from cache: /assets/textures/gameOver.png
17:26:29.253 [JavaFX Application Thread] DEBUG AssetLoader          - Loading from cache: /assets/textures/gameOver.png
17:26:29.268 [JavaFX Application Thread] DEBUG AssetLoader          - Loading from cache: /assets/textures/gameOver.png
17:26:29.285 [JavaFX Application Thread] DEBUG AssetLoader          - Loading from cache: /assets/textures/gameOver.png
17:26:29.302 [JavaFX Application Thread] DEBUG AssetLoader          - Loading from cache: /assets/textures/gameOver.png
17:26:29.319 [JavaFX Application Thread] DEBUG AssetLoader          - Loading from cache: /assets/textures/gameOver.png
17:26:29.336 [JavaFX Application Thread] DEBUG AssetLoader          - Loading from cache: /assets/textures/gameOver.png
17:26:29.353 [JavaFX Application Thread] DEBUG AssetLoader          - Loading from cache: /assets/textures/gameOver.png
17:26:29.369 [JavaFX Application Thread] DEBUG AssetLoader          - Loading from cache: /assets/textures/gameOver.png
17:26:29.385 [JavaFX Application Thread] DEBUG AssetLoader          - Loading from cache: /assets/textures/gameOver.png
17:26:29.403 [JavaFX Application Thread] DEBUG AssetLoader          - Loading from cache: /assets/textures/gameOver.png
17:26:29.418 [JavaFX Application Thread] DEBUG AssetLoader          - Loading from cache: /assets/textures/gameOver.png
17:26:29.435 [JavaFX Application Thread] DEBUG AssetLoader          - Loading from cache: /assets/textures/gameOver.png
17:26:29.453 [JavaFX Application Thread] DEBUG AssetLoader          - Loading from cache: /assets/textures/gameOver.png
17:26:29.469 [JavaFX Application Thread] DEBUG AssetLoader          - Loading from cache: /assets/textures/gameOver.png
17:26:29.485 [JavaFX Application Thread] DEBUG AssetLoader          - Loading from cache: /assets/textures/gameOver.png
17:26:29.503 [JavaFX Application Thread] DEBUG AssetLoader          - Loading from cache: /assets/textures/gameOver.png
17:26:29.519 [JavaFX Application Thread] DEBUG AssetLoader          - Loading from cache: /assets/textures/gameOver.png
17:26:29.536 [JavaFX Application Thread] DEBUG AssetLoader          - Loading from cache: /assets/textures/gameOver.png
17:26:29.553 [JavaFX Application Thread] DEBUG AssetLoader          - Loading from cache: /assets/textures/gameOver.png
17:26:29.569 [JavaFX Application Thread] DEBUG AssetLoader          - Loading from cache: /assets/textures/gameOver.png
17:26:29.586 [JavaFX Application Thread] DEBUG AssetLoader          - Loading from cache: /assets/textures/gameOver.png
17:26:29.602 [JavaFX Application Thread] DEBUG AssetLoader          - Loading from cache: /assets/textures/gameOver.png
17:26:29.619 [JavaFX Application Thread] DEBUG AssetLoader          - Loading from cache: /assets/textures/gameOver.png
17:26:29.635 [JavaFX Application Thread] DEBUG AssetLoader          - Loading from cache: /assets/textures/gameOver.png
17:26:29.653 [JavaFX Application Thread] DEBUG AssetLoader          - Loading from cache: /assets/textures/gameOver.png
17:26:29.669 [JavaFX Application Thread] DEBUG AssetLoader          - Loading from cache: /assets/textures/gameOver.png
17:26:29.686 [JavaFX Application Thread] DEBUG AssetLoader          - Loading from cache: /assets/textures/gameOver.png
17:26:29.703 [JavaFX Application Thread] DEBUG AssetLoader          - Loading from cache: /assets/textures/gameOver.png
17:26:29.719 [JavaFX Application Thread] DEBUG AssetLoader          - Loading from cache: /assets/textures/gameOver.png
17:26:29.736 [JavaFX Application Thread] DEBUG AssetLoader          - Loading from cache: /assets/textures/gameOver.png
17:26:29.753 [JavaFX Application Thread] DEBUG AssetLoader          - Loading from cache: /assets/textures/gameOver.png
17:26:29.769 [JavaFX Application Thread] DEBUG AssetLoader          - Loading from cache: /assets/textures/gameOver.png
17:26:29.786 [JavaFX Application Thread] DEBUG AssetLoader          - Loading from cache: /assets/textures/gameOver.png
17:26:29.802 [JavaFX Application Thread] DEBUG AssetLoader          - Loading from cache: /assets/textures/gameOver.png
17:26:29.819 [JavaFX Application Thread] DEBUG AssetLoader          - Loading from cache: /assets/textures/gameOver.png
17:26:29.836 [JavaFX Application Thread] DEBUG AssetLoader          - Loading from cache: /assets/textures/gameOver.png
17:26:29.853 [JavaFX Application Thread] DEBUG AssetLoader          - Loading from cache: /assets/textures/gameOver.png
17:26:29.869 [JavaFX Application Thread] DEBUG AssetLoader          - Loading from cache: /assets/textures/gameOver.png
17:26:29.886 [JavaFX Application Thread] DEBUG AssetLoader          - Loading from cache: /assets/textures/gameOver.png
17:26:29.903 [JavaFX Application Thread] DEBUG AssetLoader          - Loading from cache: /assets/textures/gameOver.png
17:26:29.919 [JavaFX Application Thread] DEBUG AssetLoader          - Loading from cache: /assets/textures/gameOver.png
17:26:29.935 [JavaFX Application Thread] DEBUG AssetLoader          - Loading from cache: /assets/textures/gameOver.png
17:26:29.953 [JavaFX Application Thread] DEBUG AssetLoader          - Loading from cache: /assets/textures/gameOver.png
17:26:29.969 [JavaFX Application Thread] DEBUG AssetLoader          - Loading from cache: /assets/textures/gameOver.png
17:26:29.986 [JavaFX Application Thread] DEBUG AssetLoader          - Loading from cache: /assets/textures/gameOver.png
17:26:30.003 [JavaFX Application Thread] DEBUG AssetLoader          - Loading from cache: /assets/textures/gameOver.png
17:26:30.019 [JavaFX Application Thread] DEBUG AssetLoader          - Loading from cache: /assets/textures/gameOver.png
17:26:30.035 [JavaFX Application Thread] DEBUG AssetLoader          - Loading from cache: /assets/textures/gameOver.png
17:26:30.053 [JavaFX Application Thread] DEBUG AssetLoader          - Loading from cache: /assets/textures/gameOver.png
17:26:30.070 [JavaFX Application Thread] DEBUG AssetLoader          - Loading from cache: /assets/textures/gameOver.png
17:26:30.086 [JavaFX Application Thread] DEBUG AssetLoader          - Loading from cache: /assets/textures/gameOver.png
17:26:30.103 [JavaFX Application Thread] DEBUG AssetLoader          - Loading from cache: /assets/textures/gameOver.png
17:26:30.119 [JavaFX Application Thread] DEBUG AssetLoader          - Loading from cache: /assets/textures/gameOver.png
17:26:30.136 [JavaFX Application Thread] DEBUG AssetLoader          - Loading from cache: /assets/textures/gameOver.png
17:26:30.153 [JavaFX Application Thread] DEBUG AssetLoader          - Loading from cache: /assets/textures/gameOver.png
17:26:30.169 [JavaFX Application Thread] DEBUG AssetLoader          - Loading from cache: /assets/textures/gameOver.png
17:26:30.186 [JavaFX Application Thread] DEBUG AssetLoader          - Loading from cache: /assets/textures/gameOver.png
17:26:30.202 [JavaFX Application Thread] DEBUG AssetLoader          - Loading from cache: /assets/textures/gameOver.png
17:26:30.219 [JavaFX Application Thread] DEBUG AssetLoader          - Loading from cache: /assets/textures/gameOver.png
17:26:30.236 [JavaFX Application Thread] DEBUG AssetLoader          - Loading from cache: /assets/textures/gameOver.png
17:26:30.253 [JavaFX Application Thread] DEBUG AssetLoader          - Loading from cache: /assets/textures/gameOver.png
17:26:30.269 [JavaFX Application Thread] DEBUG AssetLoader          - Loading from cache: /assets/textures/gameOver.png
17:26:30.286 [JavaFX Application Thread] DEBUG AssetLoader          - Loading from cache: /assets/textures/gameOver.png
17:26:30.303 [JavaFX Application Thread] DEBUG AssetLoader          - Loading from cache: /assets/textures/gameOver.png
17:26:30.319 [JavaFX Application Thread] DEBUG AssetLoader          - Loading from cache: /assets/textures/gameOver.png
17:26:30.336 [JavaFX Application Thread] DEBUG AssetLoader          - Loading from cache: /assets/textures/gameOver.png
17:26:30.353 [JavaFX Application Thread] DEBUG AssetLoader          - Loading from cache: /assets/textures/gameOver.png
17:26:30.369 [JavaFX Application Thread] DEBUG AssetLoader          - Loading from cache: /assets/textures/gameOver.png
17:26:30.386 [JavaFX Application Thread] DEBUG AssetLoader          - Loading from cache: /assets/textures/gameOver.png
17:26:30.402 [JavaFX Application Thread] DEBUG AssetLoader          - Loading from cache: /assets/textures/gameOver.png
17:26:30.420 [JavaFX Application Thread] DEBUG AssetLoader          - Loading from cache: /assets/textures/gameOver.png
17:26:30.436 [JavaFX Application Thread] DEBUG AssetLoader          - Loading from cache: /assets/textures/gameOver.png
17:26:30.453 [JavaFX Application Thread] DEBUG AssetLoader          - Loading from cache: /assets/textures/gameOver.png
17:26:30.469 [JavaFX Application Thread] DEBUG AssetLoader          - Loading from cache: /assets/textures/gameOver.png
17:26:30.486 [JavaFX Application Thread] DEBUG AssetLoader          - Loading from cache: /assets/textures/gameOver.png
17:26:30.503 [JavaFX Application Thread] DEBUG AssetLoader          - Loading from cache: /assets/textures/gameOver.png
17:26:30.520 [JavaFX Application Thread] DEBUG AssetLoader          - Loading from cache: /assets/textures/gameOver.png
17:26:30.537 [JavaFX Application Thread] DEBUG AssetLoader          - Loading from cache: /assets/textures/gameOver.png
17:26:30.553 [JavaFX Application Thread] DEBUG AssetLoader          - Loading from cache: /assets/textures/gameOver.png
17:26:30.570 [JavaFX Application Thread] DEBUG AssetLoader          - Loading from cache: /assets/textures/gameOver.png
17:26:30.586 [JavaFX Application Thread] DEBUG AssetLoader          - Loading from cache: /assets/textures/gameOver.png
17:26:30.603 [JavaFX Application Thread] DEBUG AssetLoader          - Loading from cache: /assets/textures/gameOver.png
17:26:30.619 [JavaFX Application Thread] DEBUG AssetLoader          - Loading from cache: /assets/textures/gameOver.png
17:26:30.636 [JavaFX Application Thread] DEBUG AssetLoader          - Loading from cache: /assets/textures/gameOver.png
17:26:30.652 [JavaFX Application Thread] DEBUG AssetLoader          - Loading from cache: /assets/textures/gameOver.png
17:26:30.670 [JavaFX Application Thread] DEBUG AssetLoader          - Loading from cache: /assets/textures/gameOver.png
17:26:30.686 [JavaFX Application Thread] DEBUG AssetLoader          - Loading from cache: /assets/textures/gameOver.png
17:26:30.703 [JavaFX Application Thread] DEBUG AssetLoader          - Loading from cache: /assets/textures/gameOver.png
17:26:30.720 [JavaFX Application Thread] DEBUG AssetLoader          - Loading from cache: /assets/textures/gameOver.png
17:26:30.736 [JavaFX Application Thread] DEBUG AssetLoader          - Loading from cache: /assets/textures/gameOver.png
17:26:30.753 [JavaFX Application Thread] DEBUG AssetLoader          - Loading from cache: /assets/textures/gameOver.png
17:26:30.769 [JavaFX Application Thread] DEBUG AssetLoader          - Loading from cache: /assets/textures/gameOver.png
17:26:30.786 [JavaFX Application Thread] DEBUG AssetLoader          - Loading from cache: /assets/textures/gameOver.png
17:26:30.802 [JavaFX Application Thread] DEBUG AssetLoader          - Loading from cache: /assets/textures/gameOver.png
17:26:30.820 [JavaFX Application Thread] DEBUG AssetLoader          - Loading from cache: /assets/textures/gameOver.png
17:26:30.835 [JavaFX Application Thread] DEBUG AssetLoader          - Loading from cache: /assets/textures/gameOver.png
17:26:30.852 [JavaFX Application Thread] DEBUG AssetLoader          - Loading from cache: /assets/textures/gameOver.png
17:26:30.869 [JavaFX Application Thread] DEBUG AssetLoader          - Loading from cache: /assets/textures/gameOver.png
17:26:30.886 [JavaFX Application Thread] DEBUG AssetLoader          - Loading from cache: /assets/textures/gameOver.png
17:26:30.903 [JavaFX Application Thread] DEBUG AssetLoader          - Loading from cache: /assets/textures/gameOver.png
17:26:30.919 [JavaFX Application Thread] DEBUG AssetLoader          - Loading from cache: /assets/textures/gameOver.png
17:26:30.937 [JavaFX Application Thread] DEBUG AssetLoader          - Loading from cache: /assets/textures/gameOver.png
17:26:30.953 [JavaFX Application Thread] DEBUG AssetLoader          - Loading from cache: /assets/textures/gameOver.png
17:26:30.969 [JavaFX Application Thread] DEBUG AssetLoader          - Loading from cache: /assets/textures/gameOver.png
17:26:30.987 [JavaFX Application Thread] DEBUG AssetLoader          - Loading from cache: /assets/textures/gameOver.png
17:26:31.003 [JavaFX Application Thread] DEBUG AssetLoader          - Loading from cache: /assets/textures/gameOver.png
17:26:31.019 [JavaFX Application Thread] DEBUG AssetLoader          - Loading from cache: /assets/textures/gameOver.png
17:26:31.037 [JavaFX Application Thread] DEBUG AssetLoader          - Loading from cache: /assets/textures/gameOver.png
17:26:31.053 [JavaFX Application Thread] DEBUG AssetLoader          - Loading from cache: /assets/textures/gameOver.png
17:26:31.069 [JavaFX Application Thread] DEBUG AssetLoader          - Loading from cache: /assets/textures/gameOver.png
17:26:31.087 [JavaFX Application Thread] DEBUG AssetLoader          - Loading from cache: /assets/textures/gameOver.png
17:26:31.103 [JavaFX Application Thread] DEBUG AssetLoader          - Loading from cache: /assets/textures/gameOver.png
17:26:31.120 [JavaFX Application Thread] DEBUG AssetLoader          - Loading from cache: /assets/textures/gameOver.png
17:26:31.137 [JavaFX Application Thread] DEBUG AssetLoader          - Loading from cache: /assets/textures/gameOver.png
17:26:31.153 [JavaFX Application Thread] DEBUG AssetLoader          - Loading from cache: /assets/textures/gameOver.png
17:26:31.170 [JavaFX Application Thread] DEBUG AssetLoader          - Loading from cache: /assets/textures/gameOver.png
17:26:31.187 [JavaFX Application Thread] DEBUG AssetLoader          - Loading from cache: /assets/textures/gameOver.png
17:26:31.203 [JavaFX Application Thread] DEBUG AssetLoader          - Loading from cache: /assets/textures/gameOver.png
17:26:31.219 [JavaFX Application Thread] DEBUG AssetLoader          - Loading from cache: /assets/textures/gameOver.png
17:26:31.236 [JavaFX Application Thread] DEBUG AssetLoader          - Loading from cache: /assets/textures/gameOver.png
17:26:31.253 [JavaFX Application Thread] DEBUG AssetLoader          - Loading from cache: /assets/textures/gameOver.png
17:26:31.270 [JavaFX Application Thread] DEBUG AssetLoader          - Loading from cache: /assets/textures/gameOver.png
17:26:31.287 [JavaFX Application Thread] DEBUG AssetLoader          - Loading from cache: /assets/textures/gameOver.png
17:26:31.303 [JavaFX Application Thread] DEBUG AssetLoader          - Loading from cache: /assets/textures/gameOver.png
17:26:31.320 [JavaFX Application Thread] DEBUG AssetLoader          - Loading from cache: /assets/textures/gameOver.png
17:26:31.337 [JavaFX Application Thread] DEBUG AssetLoader          - Loading from cache: /assets/textures/gameOver.png
17:26:31.353 [JavaFX Application Thread] DEBUG AssetLoader          - Loading from cache: /assets/textures/gameOver.png
17:26:31.369 [JavaFX Application Thread] DEBUG AssetLoader          - Loading from cache: /assets/textures/gameOver.png
17:26:31.387 [JavaFX Application Thread] DEBUG AssetLoader          - Loading from cache: /assets/textures/gameOver.png
17:26:31.403 [JavaFX Application Thread] DEBUG AssetLoader          - Loading from cache: /assets/textures/gameOver.png
17:26:31.420 [JavaFX Application Thread] DEBUG AssetLoader          - Loading from cache: /assets/textures/gameOver.png
17:26:31.437 [JavaFX Application Thread] DEBUG AssetLoader          - Loading from cache: /assets/textures/gameOver.png
17:26:31.454 [JavaFX Application Thread] DEBUG AssetLoader          - Loading from cache: /assets/textures/gameOver.png
17:26:31.470 [JavaFX Application Thread] DEBUG AssetLoader          - Loading from cache: /assets/textures/gameOver.png
17:26:31.487 [JavaFX Application Thread] DEBUG AssetLoader          - Loading from cache: /assets/textures/gameOver.png
17:26:31.504 [JavaFX Application Thread] DEBUG AssetLoader          - Loading from cache: /assets/textures/gameOver.png
17:26:31.519 [JavaFX Application Thread] DEBUG AssetLoader          - Loading from cache: /assets/textures/gameOver.png
17:26:31.537 [JavaFX Application Thread] DEBUG AssetLoader          - Loading from cache: /assets/textures/gameOver.png
17:26:31.553 [JavaFX Application Thread] DEBUG AssetLoader          - Loading from cache: /assets/textures/gameOver.png
17:26:31.570 [JavaFX Application Thread] DEBUG AssetLoader          - Loading from cache: /assets/textures/gameOver.png
17:26:31.587 [JavaFX Application Thread] DEBUG AssetLoader          - Loading from cache: /assets/textures/gameOver.png
17:26:31.603 [JavaFX Application Thread] DEBUG AssetLoader          - Loading from cache: /assets/textures/gameOver.png
17:26:31.620 [JavaFX Application Thread] DEBUG AssetLoader          - Loading from cache: /assets/textures/gameOver.png
17:26:31.637 [JavaFX Application Thread] DEBUG AssetLoader          - Loading from cache: /assets/textures/gameOver.png
17:26:31.654 [JavaFX Application Thread] DEBUG AssetLoader          - Loading from cache: /assets/textures/gameOver.png
17:26:31.669 [JavaFX Application Thread] DEBUG AssetLoader          - Loading from cache: /assets/textures/gameOver.png
17:26:31.687 [JavaFX Application Thread] DEBUG AssetLoader          - Loading from cache: /assets/textures/gameOver.png
17:26:31.704 [JavaFX Application Thread] DEBUG AssetLoader          - Loading from cache: /assets/textures/gameOver.png
17:26:31.720 [JavaFX Application Thread] DEBUG AssetLoader          - Loading from cache: /assets/textures/gameOver.png
17:26:31.737 [JavaFX Application Thread] DEBUG AssetLoader          - Loading from cache: /assets/textures/gameOver.png
17:26:31.754 [JavaFX Application Thread] DEBUG AssetLoader          - Loading from cache: /assets/textures/gameOver.png
17:26:31.770 [JavaFX Application Thread] DEBUG AssetLoader          - Loading from cache: /assets/textures/gameOver.png
17:26:31.787 [JavaFX Application Thread] DEBUG AssetLoader          - Loading from cache: /assets/textures/gameOver.png
17:26:31.804 [JavaFX Application Thread] DEBUG AssetLoader          - Loading from cache: /assets/textures/gameOver.png
17:26:31.820 [JavaFX Application Thread] DEBUG AssetLoader          - Loading from cache: /assets/textures/gameOver.png
17:26:31.837 [JavaFX Application Thread] DEBUG AssetLoader          - Loading from cache: /assets/textures/gameOver.png
17:26:31.854 [JavaFX Application Thread] DEBUG AssetLoader          - Loading from cache: /assets/textures/gameOver.png
17:26:31.870 [JavaFX Application Thread] DEBUG AssetLoader          - Loading from cache: /assets/textures/gameOver.png
17:26:31.887 [JavaFX Application Thread] DEBUG AssetLoader          - Loading from cache: /assets/textures/gameOver.png
17:26:31.904 [JavaFX Application Thread] DEBUG AssetLoader          - Loading from cache: /assets/textures/gameOver.png
17:26:31.920 [JavaFX Application Thread] DEBUG AssetLoader          - Loading from cache: /assets/textures/gameOver.png
17:26:31.937 [JavaFX Application Thread] DEBUG AssetLoader          - Loading from cache: /assets/textures/gameOver.png
17:26:31.954 [JavaFX Application Thread] DEBUG AssetLoader          - Loading from cache: /assets/textures/gameOver.png
17:26:31.970 [JavaFX Application Thread] DEBUG AssetLoader          - Loading from cache: /assets/textures/gameOver.png
17:26:31.987 [JavaFX Application Thread] DEBUG AssetLoader          - Loading from cache: /assets/textures/gameOver.png
17:26:32.003 [JavaFX Application Thread] DEBUG AssetLoader          - Loading from cache: /assets/textures/gameOver.png
17:26:32.019 [JavaFX Application Thread] DEBUG AssetLoader          - Loading from cache: /assets/textures/gameOver.png
17:26:32.037 [JavaFX Application Thread] DEBUG AssetLoader          - Loading from cache: /assets/textures/gameOver.png
17:26:32.053 [JavaFX Application Thread] DEBUG AssetLoader          - Loading from cache: /assets/textures/gameOver.png
17:26:32.070 [JavaFX Application Thread] DEBUG AssetLoader          - Loading from cache: /assets/textures/gameOver.png
17:26:32.087 [JavaFX Application Thread] DEBUG AssetLoader          - Loading from cache: /assets/textures/gameOver.png
17:26:32.104 [JavaFX Application Thread] DEBUG AssetLoader          - Loading from cache: /assets/textures/gameOver.png
17:26:32.119 [JavaFX Application Thread] DEBUG AssetLoader          - Loading from cache: /assets/textures/gameOver.png
17:26:32.137 [JavaFX Application Thread] DEBUG AssetLoader          - Loading from cache: /assets/textures/gameOver.png
17:26:32.153 [JavaFX Application Thread] DEBUG AssetLoader          - Loading from cache: /assets/textures/gameOver.png
17:26:32.170 [JavaFX Application Thread] DEBUG AssetLoader          - Loading from cache: /assets/textures/gameOver.png
17:26:32.187 [JavaFX Application Thread] DEBUG AssetLoader          - Loading from cache: /assets/textures/gameOver.png
17:26:32.204 [JavaFX Application Thread] DEBUG AssetLoader          - Loading from cache: /assets/textures/gameOver.png
17:26:32.220 [JavaFX Application Thread] DEBUG AssetLoader          - Loading from cache: /assets/textures/gameOver.png
17:26:32.237 [JavaFX Application Thread] DEBUG AssetLoader          - Loading from cache: /assets/textures/gameOver.png
17:26:32.254 [JavaFX Application Thread] DEBUG AssetLoader          - Loading from cache: /assets/textures/gameOver.png
17:26:32.270 [JavaFX Application Thread] DEBUG AssetLoader          - Loading from cache: /assets/textures/gameOver.png
17:26:32.287 [JavaFX Application Thread] DEBUG AssetLoader          - Loading from cache: /assets/textures/gameOver.png
17:26:32.304 [JavaFX Application Thread] DEBUG AssetLoader          - Loading from cache: /assets/textures/gameOver.png
17:26:32.321 [JavaFX Application Thread] DEBUG AssetLoader          - Loading from cache: /assets/textures/gameOver.png
17:26:32.337 [JavaFX Application Thread] DEBUG AssetLoader          - Loading from cache: /assets/textures/gameOver.png
17:26:32.354 [JavaFX Application Thread] DEBUG AssetLoader          - Loading from cache: /assets/textures/gameOver.png
17:26:32.371 [JavaFX Application Thread] DEBUG AssetLoader          - Loading from cache: /assets/textures/gameOver.png
17:26:32.387 [JavaFX Application Thread] DEBUG AssetLoader          - Loading from cache: /assets/textures/gameOver.png
17:26:32.404 [JavaFX Application Thread] DEBUG AssetLoader          - Loading from cache: /assets/textures/gameOver.png
17:26:32.421 [JavaFX Application Thread] DEBUG AssetLoader          - Loading from cache: /assets/textures/gameOver.png
17:26:32.437 [JavaFX Application Thread] DEBUG AssetLoader          - Loading from cache: /assets/textures/gameOver.png
17:26:32.454 [JavaFX Application Thread] DEBUG AssetLoader          - Loading from cache: /assets/textures/gameOver.png
17:26:32.470 [JavaFX Application Thread] DEBUG AssetLoader          - Loading from cache: /assets/textures/gameOver.png
17:26:32.487 [JavaFX Application Thread] DEBUG AssetLoader          - Loading from cache: /assets/textures/gameOver.png
17:26:32.504 [JavaFX Application Thread] DEBUG AssetLoader          - Loading from cache: /assets/textures/gameOver.png
17:26:32.521 [JavaFX Application Thread] DEBUG AssetLoader          - Loading from cache: /assets/textures/gameOver.png
17:26:32.537 [JavaFX Application Thread] DEBUG AssetLoader          - Loading from cache: /assets/textures/gameOver.png
17:26:32.554 [JavaFX Application Thread] DEBUG AssetLoader          - Loading from cache: /assets/textures/gameOver.png
17:26:32.571 [JavaFX Application Thread] DEBUG AssetLoader          - Loading from cache: /assets/textures/gameOver.png
17:26:32.587 [JavaFX Application Thread] DEBUG AssetLoader          - Loading from cache: /assets/textures/gameOver.png
17:26:32.604 [JavaFX Application Thread] DEBUG AssetLoader          - Loading from cache: /assets/textures/gameOver.png
17:26:32.621 [JavaFX Application Thread] DEBUG AssetLoader          - Loading from cache: /assets/textures/gameOver.png
17:26:32.638 [JavaFX Application Thread] DEBUG AssetLoader          - Loading from cache: /assets/textures/gameOver.png
17:26:32.654 [JavaFX Application Thread] DEBUG AssetLoader          - Loading from cache: /assets/textures/gameOver.png
17:26:32.670 [JavaFX Application Thread] DEBUG AssetLoader          - Loading from cache: /assets/textures/gameOver.png
17:26:32.687 [JavaFX Application Thread] DEBUG AssetLoader          - Loading from cache: /assets/textures/gameOver.png
17:26:32.704 [JavaFX Application Thread] DEBUG AssetLoader          - Loading from cache: /assets/textures/gameOver.png
17:26:32.721 [JavaFX Application Thread] DEBUG AssetLoader          - Loading from cache: /assets/textures/gameOver.png
17:26:32.737 [JavaFX Application Thread] DEBUG AssetLoader          - Loading from cache: /assets/textures/gameOver.png
17:26:32.754 [JavaFX Application Thread] DEBUG AssetLoader          - Loading from cache: /assets/textures/gameOver.png
17:26:32.771 [JavaFX Application Thread] DEBUG AssetLoader          - Loading from cache: /assets/textures/gameOver.png
17:26:32.787 [JavaFX Application Thread] DEBUG AssetLoader          - Loading from cache: /assets/textures/gameOver.png
17:26:32.804 [JavaFX Application Thread] DEBUG AssetLoader          - Loading from cache: /assets/textures/gameOver.png
17:26:32.821 [JavaFX Application Thread] DEBUG AssetLoader          - Loading from cache: /assets/textures/gameOver.png
17:26:32.837 [JavaFX Application Thread] DEBUG AssetLoader          - Loading from cache: /assets/textures/gameOver.png
17:26:32.854 [JavaFX Application Thread] DEBUG AssetLoader          - Loading from cache: /assets/textures/gameOver.png
17:26:32.871 [JavaFX Application Thread] DEBUG AssetLoader          - Loading from cache: /assets/textures/gameOver.png
17:26:32.888 [JavaFX Application Thread] DEBUG AssetLoader          - Loading from cache: /assets/textures/gameOver.png
17:26:32.904 [JavaFX Application Thread] DEBUG AssetLoader          - Loading from cache: /assets/textures/gameOver.png
17:26:32.921 [JavaFX Application Thread] DEBUG AssetLoader          - Loading from cache: /assets/textures/gameOver.png
17:26:32.938 [JavaFX Application Thread] DEBUG AssetLoader          - Loading from cache: /assets/textures/gameOver.png
17:26:32.954 [JavaFX Application Thread] DEBUG AssetLoader          - Loading from cache: /assets/textures/gameOver.png
17:26:32.971 [JavaFX Application Thread] DEBUG AssetLoader          - Loading from cache: /assets/textures/gameOver.png
17:26:32.988 [JavaFX Application Thread] DEBUG AssetLoader          - Loading from cache: /assets/textures/gameOver.png
17:26:33.004 [JavaFX Application Thread] DEBUG AssetLoader          - Loading from cache: /assets/textures/gameOver.png
17:26:33.020 [JavaFX Application Thread] DEBUG AssetLoader          - Loading from cache: /assets/textures/gameOver.png
17:26:33.038 [JavaFX Application Thread] DEBUG AssetLoader          - Loading from cache: /assets/textures/gameOver.png
17:26:33.054 [JavaFX Application Thread] DEBUG AssetLoader          - Loading from cache: /assets/textures/gameOver.png
17:26:33.071 [JavaFX Application Thread] DEBUG AssetLoader          - Loading from cache: /assets/textures/gameOver.png
17:26:33.087 [JavaFX Application Thread] DEBUG AssetLoader          - Loading from cache: /assets/textures/gameOver.png
17:26:33.104 [JavaFX Application Thread] DEBUG AssetLoader          - Loading from cache: /assets/textures/gameOver.png
17:26:33.121 [JavaFX Application Thread] DEBUG AssetLoader          - Loading from cache: /assets/textures/gameOver.png
17:26:33.137 [JavaFX Application Thread] DEBUG AssetLoader          - Loading from cache: /assets/textures/gameOver.png
17:26:33.154 [JavaFX Application Thread] DEBUG AssetLoader          - Loading from cache: /assets/textures/gameOver.png
17:26:33.171 [JavaFX Application Thread] DEBUG AssetLoader          - Loading from cache: /assets/textures/gameOver.png
17:26:33.188 [JavaFX Application Thread] DEBUG AssetLoader          - Loading from cache: /assets/textures/gameOver.png
17:26:33.203 [JavaFX Application Thread] DEBUG AssetLoader          - Loading from cache: /assets/textures/gameOver.png
17:26:33.221 [JavaFX Application Thread] DEBUG AssetLoader          - Loading from cache: /assets/textures/gameOver.png
17:26:33.238 [JavaFX Application Thread] DEBUG AssetLoader          - Loading from cache: /assets/textures/gameOver.png
17:26:33.254 [JavaFX Application Thread] DEBUG AssetLoader          - Loading from cache: /assets/textures/gameOver.png
17:26:33.271 [JavaFX Application Thread] DEBUG AssetLoader          - Loading from cache: /assets/textures/gameOver.png
17:26:33.288 [JavaFX Application Thread] DEBUG AssetLoader          - Loading from cache: /assets/textures/gameOver.png
17:26:33.304 [JavaFX Application Thread] DEBUG AssetLoader          - Loading from cache: /assets/textures/gameOver.png
17:26:33.321 [JavaFX Application Thread] DEBUG AssetLoader          - Loading from cache: /assets/textures/gameOver.png
17:26:33.338 [JavaFX Application Thread] DEBUG AssetLoader          - Loading from cache: /assets/textures/gameOver.png
17:26:33.355 [JavaFX Application Thread] DEBUG AssetLoader          - Loading from cache: /assets/textures/gameOver.png
17:26:33.371 [JavaFX Application Thread] DEBUG AssetLoader          - Loading from cache: /assets/textures/gameOver.png
17:26:33.388 [JavaFX Application Thread] DEBUG AssetLoader          - Loading from cache: /assets/textures/gameOver.png
17:26:33.404 [JavaFX Application Thread] DEBUG AssetLoader          - Loading from cache: /assets/textures/gameOver.png
17:26:33.420 [JavaFX Application Thread] DEBUG AssetLoader          - Loading from cache: /assets/textures/gameOver.png
17:26:33.438 [JavaFX Application Thread] DEBUG AssetLoader          - Loading from cache: /assets/textures/gameOver.png
17:26:33.454 [JavaFX Application Thread] DEBUG AssetLoader          - Loading from cache: /assets/textures/gameOver.png
17:26:33.471 [JavaFX Application Thread] DEBUG AssetLoader          - Loading from cache: /assets/textures/gameOver.png
17:26:33.487 [JavaFX Application Thread] DEBUG AssetLoader          - Loading from cache: /assets/textures/gameOver.png
17:26:33.505 [JavaFX Application Thread] DEBUG AssetLoader          - Loading from cache: /assets/textures/gameOver.png
17:26:33.521 [JavaFX Application Thread] DEBUG AssetLoader          - Loading from cache: /assets/textures/gameOver.png
17:26:33.538 [JavaFX Application Thread] DEBUG AssetLoader          - Loading from cache: /assets/textures/gameOver.png
17:26:33.555 [JavaFX Application Thread] DEBUG AssetLoader          - Loading from cache: /assets/textures/gameOver.png
17:26:33.571 [JavaFX Application Thread] DEBUG AssetLoader          - Loading from cache: /assets/textures/gameOver.png
17:26:33.588 [JavaFX Application Thread] DEBUG AssetLoader          - Loading from cache: /assets/textures/gameOver.png
17:26:33.604 [JavaFX Application Thread] DEBUG AssetLoader          - Loading from cache: /assets/textures/gameOver.png
17:26:33.620 [JavaFX Application Thread] DEBUG AssetLoader          - Loading from cache: /assets/textures/gameOver.png
17:26:33.637 [JavaFX Application Thread] DEBUG AssetLoader          - Loading from cache: /assets/textures/gameOver.png
17:26:33.654 [JavaFX Application Thread] DEBUG AssetLoader          - Loading from cache: /assets/textures/gameOver.png
17:26:33.671 [JavaFX Application Thread] DEBUG AssetLoader          - Loading from cache: /assets/textures/gameOver.png
17:26:33.687 [JavaFX Application Thread] DEBUG AssetLoader          - Loading from cache: /assets/textures/gameOver.png
17:26:33.705 [JavaFX Application Thread] DEBUG AssetLoader          - Loading from cache: /assets/textures/gameOver.png
17:26:33.721 [JavaFX Application Thread] DEBUG AssetLoader          - Loading from cache: /assets/textures/gameOver.png
17:26:33.738 [JavaFX Application Thread] DEBUG AssetLoader          - Loading from cache: /assets/textures/gameOver.png
17:26:33.754 [JavaFX Application Thread] DEBUG AssetLoader          - Loading from cache: /assets/textures/gameOver.png
17:26:33.771 [JavaFX Application Thread] DEBUG AssetLoader          - Loading from cache: /assets/textures/gameOver.png
17:26:33.788 [JavaFX Application Thread] DEBUG AssetLoader          - Loading from cache: /assets/textures/gameOver.png
17:26:33.805 [JavaFX Application Thread] DEBUG AssetLoader          - Loading from cache: /assets/textures/gameOver.png
17:26:33.821 [JavaFX Application Thread] DEBUG AssetLoader          - Loading from cache: /assets/textures/gameOver.png
17:26:33.838 [JavaFX Application Thread] DEBUG AssetLoader          - Loading from cache: /assets/textures/gameOver.png
17:26:33.855 [JavaFX Application Thread] DEBUG AssetLoader          - Loading from cache: /assets/textures/gameOver.png
17:26:33.871 [JavaFX Application Thread] DEBUG AssetLoader          - Loading from cache: /assets/textures/gameOver.png
17:26:33.888 [JavaFX Application Thread] DEBUG AssetLoader          - Loading from cache: /assets/textures/gameOver.png
17:26:33.905 [JavaFX Application Thread] DEBUG AssetLoader          - Loading from cache: /assets/textures/gameOver.png
17:26:33.921 [JavaFX Application Thread] DEBUG AssetLoader          - Loading from cache: /assets/textures/gameOver.png
17:26:33.938 [JavaFX Application Thread] DEBUG AssetLoader          - Loading from cache: /assets/textures/gameOver.png
17:26:33.955 [JavaFX Application Thread] DEBUG AssetLoader          - Loading from cache: /assets/textures/gameOver.png
17:26:33.971 [JavaFX Application Thread] DEBUG AssetLoader          - Loading from cache: /assets/textures/gameOver.png
17:26:33.988 [JavaFX Application Thread] DEBUG AssetLoader          - Loading from cache: /assets/textures/gameOver.png
17:26:34.005 [JavaFX Application Thread] DEBUG AssetLoader          - Loading from cache: /assets/textures/gameOver.png
17:26:34.020 [JavaFX Application Thread] DEBUG AssetLoader          - Loading from cache: /assets/textures/gameOver.png
17:26:34.038 [JavaFX Application Thread] DEBUG AssetLoader          - Loading from cache: /assets/textures/gameOver.png
17:26:34.055 [JavaFX Application Thread] DEBUG AssetLoader          - Loading from cache: /assets/textures/gameOver.png
17:26:34.071 [JavaFX Application Thread] DEBUG AssetLoader          - Loading from cache: /assets/textures/gameOver.png
17:26:34.088 [JavaFX Application Thread] DEBUG AssetLoader          - Loading from cache: /assets/textures/gameOver.png
17:26:34.105 [JavaFX Application Thread] DEBUG AssetLoader          - Loading from cache: /assets/textures/gameOver.png
17:26:34.121 [JavaFX Application Thread] DEBUG AssetLoader          - Loading from cache: /assets/textures/gameOver.png
17:26:34.138 [JavaFX Application Thread] DEBUG AssetLoader          - Loading from cache: /assets/textures/gameOver.png
17:26:34.155 [JavaFX Application Thread] DEBUG AssetLoader          - Loading from cache: /assets/textures/gameOver.png
17:26:34.171 [JavaFX Application Thread] DEBUG AssetLoader          - Loading from cache: /assets/textures/gameOver.png
17:26:34.188 [JavaFX Application Thread] DEBUG AssetLoader          - Loading from cache: /assets/textures/gameOver.png
17:26:34.205 [JavaFX Application Thread] DEBUG AssetLoader          - Loading from cache: /assets/textures/gameOver.png
17:26:34.221 [JavaFX Application Thread] DEBUG AssetLoader          - Loading from cache: /assets/textures/gameOver.png
17:26:34.238 [JavaFX Application Thread] DEBUG AssetLoader          - Loading from cache: /assets/textures/gameOver.png
17:26:34.255 [JavaFX Application Thread] DEBUG AssetLoader          - Loading from cache: /assets/textures/gameOver.png
17:26:34.271 [JavaFX Application Thread] DEBUG AssetLoader          - Loading from cache: /assets/textures/gameOver.png
17:26:34.288 [JavaFX Application Thread] DEBUG AssetLoader          - Loading from cache: /assets/textures/gameOver.png
17:26:34.305 [JavaFX Application Thread] DEBUG AssetLoader          - Loading from cache: /assets/textures/gameOver.png
17:26:34.322 [JavaFX Application Thread] DEBUG AssetLoader          - Loading from cache: /assets/textures/gameOver.png
17:26:34.338 [JavaFX Application Thread] DEBUG AssetLoader          - Loading from cache: /assets/textures/gameOver.png
17:26:34.355 [JavaFX Application Thread] DEBUG AssetLoader          - Loading from cache: /assets/textures/gameOver.png
17:26:34.372 [JavaFX Application Thread] DEBUG AssetLoader          - Loading from cache: /assets/textures/gameOver.png
17:26:34.388 [JavaFX Application Thread] DEBUG AssetLoader          - Loading from cache: /assets/textures/gameOver.png
17:26:34.405 [JavaFX Application Thread] DEBUG AssetLoader          - Loading from cache: /assets/textures/gameOver.png
17:26:34.421 [JavaFX Application Thread] DEBUG AssetLoader          - Loading from cache: /assets/textures/gameOver.png
17:26:34.438 [JavaFX Application Thread] DEBUG AssetLoader          - Loading from cache: /assets/textures/gameOver.png
17:26:34.454 [JavaFX Application Thread] DEBUG AssetLoader          - Loading from cache: /assets/textures/gameOver.png
17:26:34.471 [JavaFX Application Thread] DEBUG AssetLoader          - Loading from cache: /assets/textures/gameOver.png
17:26:34.488 [JavaFX Application Thread] DEBUG AssetLoader          - Loading from cache: /assets/textures/gameOver.png
17:26:34.505 [JavaFX Application Thread] DEBUG AssetLoader          - Loading from cache: /assets/textures/gameOver.png
17:26:34.521 [JavaFX Application Thread] DEBUG AssetLoader          - Loading from cache: /assets/textures/gameOver.png
17:26:34.538 [JavaFX Application Thread] DEBUG AssetLoader          - Loading from cache: /assets/textures/gameOver.png
17:26:34.555 [JavaFX Application Thread] DEBUG AssetLoader          - Loading from cache: /assets/textures/gameOver.png
17:26:34.572 [JavaFX Application Thread] DEBUG AssetLoader          - Loading from cache: /assets/textures/gameOver.png
17:26:34.588 [JavaFX Application Thread] DEBUG AssetLoader          - Loading from cache: /assets/textures/gameOver.png
17:26:34.605 [JavaFX Application Thread] DEBUG AssetLoader          - Loading from cache: /assets/textures/gameOver.png
17:26:34.622 [JavaFX Application Thread] DEBUG AssetLoader          - Loading from cache: /assets/textures/gameOver.png
17:26:34.638 [JavaFX Application Thread] DEBUG AssetLoader          - Loading from cache: /assets/textures/gameOver.png
17:26:34.655 [JavaFX Application Thread] DEBUG AssetLoader          - Loading from cache: /assets/textures/gameOver.png
17:26:34.672 [JavaFX Application Thread] DEBUG AssetLoader          - Loading from cache: /assets/textures/gameOver.png
17:26:34.687 [JavaFX Application Thread] DEBUG AssetLoader          - Loading from cache: /assets/textures/gameOver.png
17:26:34.705 [JavaFX Application Thread] DEBUG AssetLoader          - Loading from cache: /assets/textures/gameOver.png
17:26:34.722 [JavaFX Application Thread] DEBUG AssetLoader          - Loading from cache: /assets/textures/gameOver.png
17:26:34.738 [JavaFX Application Thread] DEBUG AssetLoader          - Loading from cache: /assets/textures/gameOver.png
17:26:34.755 [JavaFX Application Thread] DEBUG AssetLoader          - Loading from cache: /assets/textures/gameOver.png
17:26:34.772 [JavaFX Application Thread] DEBUG AssetLoader          - Loading from cache: /assets/textures/gameOver.png
17:26:34.789 [JavaFX Application Thread] DEBUG AssetLoader          - Loading from cache: /assets/textures/gameOver.png
17:26:34.805 [JavaFX Application Thread] DEBUG AssetLoader          - Loading from cache: /assets/textures/gameOver.png
17:26:34.822 [JavaFX Application Thread] DEBUG AssetLoader          - Loading from cache: /assets/textures/gameOver.png
17:26:34.838 [JavaFX Application Thread] DEBUG AssetLoader          - Loading from cache: /assets/textures/gameOver.png
17:26:34.855 [JavaFX Application Thread] DEBUG AssetLoader          - Loading from cache: /assets/textures/gameOver.png
17:26:34.872 [JavaFX Application Thread] DEBUG AssetLoader          - Loading from cache: /assets/textures/gameOver.png
17:26:34.889 [JavaFX Application Thread] DEBUG AssetLoader          - Loading from cache: /assets/textures/gameOver.png
17:26:34.905 [JavaFX Application Thread] DEBUG AssetLoader          - Loading from cache: /assets/textures/gameOver.png
17:26:34.922 [JavaFX Application Thread] DEBUG AssetLoader          - Loading from cache: /assets/textures/gameOver.png
17:26:34.939 [JavaFX Application Thread] DEBUG AssetLoader          - Loading from cache: /assets/textures/gameOver.png
17:26:34.955 [JavaFX Application Thread] DEBUG AssetLoader          - Loading from cache: /assets/textures/gameOver.png
17:26:34.972 [JavaFX Application Thread] DEBUG AssetLoader          - Loading from cache: /assets/textures/gameOver.png
17:26:34.989 [JavaFX Application Thread] DEBUG AssetLoader          - Loading from cache: /assets/textures/gameOver.png
17:26:35.005 [JavaFX Application Thread] DEBUG AssetLoader          - Loading from cache: /assets/textures/gameOver.png
17:26:35.021 [JavaFX Application Thread] DEBUG AssetLoader          - Loading from cache: /assets/textures/gameOver.png
17:26:35.039 [JavaFX Application Thread] DEBUG AssetLoader          - Loading from cache: /assets/textures/gameOver.png
17:26:35.055 [JavaFX Application Thread] DEBUG AssetLoader          - Loading from cache: /assets/textures/gameOver.png
17:26:35.072 [JavaFX Application Thread] DEBUG AssetLoader          - Loading from cache: /assets/textures/gameOver.png
17:26:35.089 [JavaFX Application Thread] DEBUG AssetLoader          - Loading from cache: /assets/textures/gameOver.png
17:26:35.105 [JavaFX Application Thread] DEBUG AssetLoader          - Loading from cache: /assets/textures/gameOver.png
17:26:35.122 [JavaFX Application Thread] DEBUG AssetLoader          - Loading from cache: /assets/textures/gameOver.png
17:26:35.139 [JavaFX Application Thread] DEBUG AssetLoader          - Loading from cache: /assets/textures/gameOver.png
17:26:35.155 [JavaFX Application Thread] DEBUG AssetLoader          - Loading from cache: /assets/textures/gameOver.png
17:26:35.172 [JavaFX Application Thread] DEBUG AssetLoader          - Loading from cache: /assets/textures/gameOver.png
17:26:35.189 [JavaFX Application Thread] DEBUG AssetLoader          - Loading from cache: /assets/textures/gameOver.png
17:26:35.205 [JavaFX Application Thread] DEBUG AssetLoader          - Loading from cache: /assets/textures/gameOver.png
17:26:35.222 [JavaFX Application Thread] DEBUG AssetLoader          - Loading from cache: /assets/textures/gameOver.png
17:26:35.239 [JavaFX Application Thread] DEBUG AssetLoader          - Loading from cache: /assets/textures/gameOver.png
17:26:35.255 [JavaFX Application Thread] DEBUG AssetLoader          - Loading from cache: /assets/textures/gameOver.png
17:26:35.272 [JavaFX Application Thread] DEBUG AssetLoader          - Loading from cache: /assets/textures/gameOver.png
17:26:35.289 [JavaFX Application Thread] DEBUG AssetLoader          - Loading from cache: /assets/textures/gameOver.png
17:26:35.305 [JavaFX Application Thread] DEBUG AssetLoader          - Loading from cache: /assets/textures/gameOver.png
17:26:35.322 [JavaFX Application Thread] DEBUG AssetLoader          - Loading from cache: /assets/textures/gameOver.png
17:26:35.339 [JavaFX Application Thread] DEBUG AssetLoader          - Loading from cache: /assets/textures/gameOver.png
17:26:35.355 [JavaFX Application Thread] DEBUG AssetLoader          - Loading from cache: /assets/textures/gameOver.png
17:26:35.372 [JavaFX Application Thread] DEBUG AssetLoader          - Loading from cache: /assets/textures/gameOver.png
17:26:35.389 [JavaFX Application Thread] DEBUG AssetLoader          - Loading from cache: /assets/textures/gameOver.png
17:26:35.406 [JavaFX Application Thread] DEBUG AssetLoader          - Loading from cache: /assets/textures/gameOver.png
17:26:35.421 [JavaFX Application Thread] DEBUG AssetLoader          - Loading from cache: /assets/textures/gameOver.png
17:26:35.439 [JavaFX Application Thread] DEBUG AssetLoader          - Loading from cache: /assets/textures/gameOver.png
17:26:35.455 [JavaFX Application Thread] DEBUG AssetLoader          - Loading from cache: /assets/textures/gameOver.png
17:26:35.472 [JavaFX Application Thread] DEBUG AssetLoader          - Loading from cache: /assets/textures/gameOver.png
17:26:35.489 [JavaFX Application Thread] DEBUG AssetLoader          - Loading from cache: /assets/textures/gameOver.png
17:26:35.505 [JavaFX Application Thread] DEBUG AssetLoader          - Loading from cache: /assets/textures/gameOver.png
17:26:35.522 [JavaFX Application Thread] DEBUG AssetLoader          - Loading from cache: /assets/textures/gameOver.png
17:26:35.539 [JavaFX Application Thread] DEBUG AssetLoader          - Loading from cache: /assets/textures/gameOver.png
17:26:35.556 [JavaFX Application Thread] DEBUG AssetLoader          - Loading from cache: /assets/textures/gameOver.png
17:26:35.571 [JavaFX Application Thread] DEBUG AssetLoader          - Loading from cache: /assets/textures/gameOver.png
17:26:35.589 [JavaFX Application Thread] DEBUG AssetLoader          - Loading from cache: /assets/textures/gameOver.png
17:26:35.605 [JavaFX Application Thread] DEBUG AssetLoader          - Loading from cache: /assets/textures/gameOver.png
17:26:35.622 [JavaFX Application Thread] DEBUG AssetLoader          - Loading from cache: /assets/textures/gameOver.png
17:26:35.639 [JavaFX Application Thread] DEBUG AssetLoader          - Loading from cache: /assets/textures/gameOver.png
17:26:35.656 [JavaFX Application Thread] DEBUG AssetLoader          - Loading from cache: /assets/textures/gameOver.png
17:26:35.672 [JavaFX Application Thread] DEBUG AssetLoader          - Loading from cache: /assets/textures/gameOver.png
17:26:35.689 [JavaFX Application Thread] DEBUG AssetLoader          - Loading from cache: /assets/textures/gameOver.png
17:26:35.706 [JavaFX Application Thread] DEBUG AssetLoader          - Loading from cache: /assets/textures/gameOver.png
17:26:35.722 [JavaFX Application Thread] DEBUG AssetLoader          - Loading from cache: /assets/textures/gameOver.png
17:26:35.739 [JavaFX Application Thread] DEBUG AssetLoader          - Loading from cache: /assets/textures/gameOver.png
17:26:35.756 [JavaFX Application Thread] DEBUG AssetLoader          - Loading from cache: /assets/textures/gameOver.png
17:26:35.772 [JavaFX Application Thread] DEBUG AssetLoader          - Loading from cache: /assets/textures/gameOver.png
17:26:35.789 [JavaFX Application Thread] DEBUG AssetLoader          - Loading from cache: /assets/textures/gameOver.png
17:26:35.806 [JavaFX Application Thread] DEBUG AssetLoader          - Loading from cache: /assets/textures/gameOver.png
17:26:35.822 [JavaFX Application Thread] DEBUG AssetLoader          - Loading from cache: /assets/textures/gameOver.png
17:26:35.839 [JavaFX Application Thread] DEBUG AssetLoader          - Loading from cache: /assets/textures/gameOver.png
17:26:35.856 [JavaFX Application Thread] DEBUG AssetLoader          - Loading from cache: /assets/textures/gameOver.png
17:26:35.872 [JavaFX Application Thread] DEBUG AssetLoader          - Loading from cache: /assets/textures/gameOver.png
17:26:35.889 [JavaFX Application Thread] DEBUG AssetLoader          - Loading from cache: /assets/textures/gameOver.png
17:26:35.906 [JavaFX Application Thread] DEBUG AssetLoader          - Loading from cache: /assets/textures/gameOver.png
17:26:35.922 [JavaFX Application Thread] DEBUG AssetLoader          - Loading from cache: /assets/textures/gameOver.png
17:26:35.939 [JavaFX Application Thread] DEBUG AssetLoader          - Loading from cache: /assets/textures/gameOver.png
17:26:35.956 [JavaFX Application Thread] DEBUG AssetLoader          - Loading from cache: /assets/textures/gameOver.png
17:26:35.972 [JavaFX Application Thread] DEBUG AssetLoader          - Loading from cache: /assets/textures/gameOver.png
17:26:35.989 [JavaFX Application Thread] DEBUG AssetLoader          - Loading from cache: /assets/textures/gameOver.png
17:26:36.006 [JavaFX Application Thread] DEBUG AssetLoader          - Loading from cache: /assets/textures/gameOver.png
17:26:36.022 [JavaFX Application Thread] DEBUG AssetLoader          - Loading from cache: /assets/textures/gameOver.png
17:26:36.039 [JavaFX Application Thread] DEBUG AssetLoader          - Loading from cache: /assets/textures/gameOver.png
17:26:36.056 [JavaFX Application Thread] DEBUG AssetLoader          - Loading from cache: /assets/textures/gameOver.png
17:26:36.072 [JavaFX Application Thread] DEBUG AssetLoader          - Loading from cache: /assets/textures/gameOver.png
17:26:36.089 [JavaFX Application Thread] DEBUG AssetLoader          - Loading from cache: /assets/textures/gameOver.png
17:26:36.106 [JavaFX Application Thread] DEBUG AssetLoader          - Loading from cache: /assets/textures/gameOver.png
17:26:36.122 [JavaFX Application Thread] DEBUG AssetLoader          - Loading from cache: /assets/textures/gameOver.png
17:26:36.139 [JavaFX Application Thread] DEBUG AssetLoader          - Loading from cache: /assets/textures/gameOver.png
17:26:36.156 [JavaFX Application Thread] DEBUG AssetLoader          - Loading from cache: /assets/textures/gameOver.png
17:26:36.172 [JavaFX Application Thread] DEBUG AssetLoader          - Loading from cache: /assets/textures/gameOver.png
17:26:36.189 [JavaFX Application Thread] DEBUG AssetLoader          - Loading from cache: /assets/textures/gameOver.png
17:26:36.206 [JavaFX Application Thread] DEBUG AssetLoader          - Loading from cache: /assets/textures/gameOver.png
17:26:36.222 [JavaFX Application Thread] DEBUG AssetLoader          - Loading from cache: /assets/textures/gameOver.png
17:26:36.239 [JavaFX Application Thread] DEBUG AssetLoader          - Loading from cache: /assets/textures/gameOver.png
17:26:36.256 [JavaFX Application Thread] DEBUG AssetLoader          - Loading from cache: /assets/textures/gameOver.png
17:26:36.272 [JavaFX Application Thread] DEBUG AssetLoader          - Loading from cache: /assets/textures/gameOver.png
17:26:36.289 [JavaFX Application Thread] DEBUG AssetLoader          - Loading from cache: /assets/textures/gameOver.png
17:26:36.306 [JavaFX Application Thread] DEBUG AssetLoader          - Loading from cache: /assets/textures/gameOver.png
17:26:36.322 [JavaFX Application Thread] DEBUG AssetLoader          - Loading from cache: /assets/textures/gameOver.png
17:26:36.339 [JavaFX Application Thread] DEBUG AssetLoader          - Loading from cache: /assets/textures/gameOver.png
17:26:36.356 [JavaFX Application Thread] DEBUG AssetLoader          - Loading from cache: /assets/textures/gameOver.png
17:26:36.372 [JavaFX Application Thread] DEBUG AssetLoader          - Loading from cache: /assets/textures/gameOver.png
17:26:36.388 [JavaFX Application Thread] DEBUG AssetLoader          - Loading from cache: /assets/textures/gameOver.png
17:26:36.406 [JavaFX Application Thread] DEBUG AssetLoader          - Loading from cache: /assets/textures/gameOver.png
17:26:36.422 [JavaFX Application Thread] DEBUG AssetLoader          - Loading from cache: /assets/textures/gameOver.png
17:26:36.439 [JavaFX Application Thread] DEBUG AssetLoader          - Loading from cache: /assets/textures/gameOver.png
17:26:36.455 [JavaFX Application Thread] DEBUG AssetLoader          - Loading from cache: /assets/textures/gameOver.png
17:26:36.472 [JavaFX Application Thread] DEBUG AssetLoader          - Loading from cache: /assets/textures/gameOver.png
17:26:36.489 [JavaFX Application Thread] DEBUG AssetLoader          - Loading from cache: /assets/textures/gameOver.png
17:26:36.506 [JavaFX Application Thread] DEBUG AssetLoader          - Loading from cache: /assets/textures/gameOver.png
17:26:36.523 [JavaFX Application Thread] DEBUG AssetLoader          - Loading from cache: /assets/textures/gameOver.png
17:26:36.539 [JavaFX Application Thread] DEBUG AssetLoader          - Loading from cache: /assets/textures/gameOver.png
17:26:36.556 [JavaFX Application Thread] DEBUG AssetLoader          - Loading from cache: /assets/textures/gameOver.png
17:26:36.573 [JavaFX Application Thread] DEBUG AssetLoader          - Loading from cache: /assets/textures/gameOver.png
17:26:36.589 [JavaFX Application Thread] DEBUG AssetLoader          - Loading from cache: /assets/textures/gameOver.png
17:26:36.606 [JavaFX Application Thread] DEBUG AssetLoader          - Loading from cache: /assets/textures/gameOver.png
17:26:36.622 [JavaFX Application Thread] DEBUG AssetLoader          - Loading from cache: /assets/textures/gameOver.png
17:26:36.639 [JavaFX Application Thread] DEBUG AssetLoader          - Loading from cache: /assets/textures/gameOver.png
17:26:36.656 [JavaFX Application Thread] DEBUG AssetLoader          - Loading from cache: /assets/textures/gameOver.png
17:26:36.673 [JavaFX Application Thread] DEBUG AssetLoader          - Loading from cache: /assets/textures/gameOver.png
17:26:36.689 [JavaFX Application Thread] DEBUG AssetLoader          - Loading from cache: /assets/textures/gameOver.png
17:26:36.705 [JavaFX Application Thread] DEBUG AssetLoader          - Loading from cache: /assets/textures/gameOver.png
17:26:36.723 [JavaFX Application Thread] DEBUG AssetLoader          - Loading from cache: /assets/textures/gameOver.png
17:26:36.739 [JavaFX Application Thread] DEBUG AssetLoader          - Loading from cache: /assets/textures/gameOver.png
17:26:36.756 [JavaFX Application Thread] DEBUG AssetLoader          - Loading from cache: /assets/textures/gameOver.png
17:26:36.773 [JavaFX Application Thread] DEBUG AssetLoader          - Loading from cache: /assets/textures/gameOver.png
17:26:36.789 [JavaFX Application Thread] DEBUG AssetLoader          - Loading from cache: /assets/textures/gameOver.png
17:26:36.806 [JavaFX Application Thread] DEBUG AssetLoader          - Loading from cache: /assets/textures/gameOver.png
17:26:36.823 [JavaFX Application Thread] DEBUG AssetLoader          - Loading from cache: /assets/textures/gameOver.png
17:26:36.839 [JavaFX Application Thread] DEBUG AssetLoader          - Loading from cache: /assets/textures/gameOver.png
17:26:36.856 [JavaFX Application Thread] DEBUG AssetLoader          - Loading from cache: /assets/textures/gameOver.png
17:26:36.873 [JavaFX Application Thread] DEBUG AssetLoader          - Loading from cache: /assets/textures/gameOver.png
17:26:36.889 [JavaFX Application Thread] DEBUG AssetLoader          - Loading from cache: /assets/textures/gameOver.png
17:26:36.906 [JavaFX Application Thread] DEBUG AssetLoader          - Loading from cache: /assets/textures/gameOver.png
17:26:36.923 [JavaFX Application Thread] DEBUG AssetLoader          - Loading from cache: /assets/textures/gameOver.png
17:26:36.940 [JavaFX Application Thread] DEBUG AssetLoader          - Loading from cache: /assets/textures/gameOver.png
17:26:36.956 [JavaFX Application Thread] DEBUG AssetLoader          - Loading from cache: /assets/textures/gameOver.png
17:26:36.973 [JavaFX Application Thread] DEBUG AssetLoader          - Loading from cache: /assets/textures/gameOver.png
17:26:36.990 [JavaFX Application Thread] DEBUG AssetLoader          - Loading from cache: /assets/textures/gameOver.png
17:26:37.006 [JavaFX Application Thread] DEBUG AssetLoader          - Loading from cache: /assets/textures/gameOver.png
17:26:37.022 [JavaFX Application Thread] DEBUG AssetLoader          - Loading from cache: /assets/textures/gameOver.png
17:26:37.039 [JavaFX Application Thread] DEBUG AssetLoader          - Loading from cache: /assets/textures/gameOver.png
17:26:37.056 [JavaFX Application Thread] DEBUG AssetLoader          - Loading from cache: /assets/textures/gameOver.png
17:26:37.073 [JavaFX Application Thread] DEBUG AssetLoader          - Loading from cache: /assets/textures/gameOver.png
17:26:37.089 [JavaFX Application Thread] DEBUG AssetLoader          - Loading from cache: /assets/textures/gameOver.png
17:26:37.106 [JavaFX Application Thread] DEBUG AssetLoader          - Loading from cache: /assets/textures/gameOver.png
17:26:37.123 [JavaFX Application Thread] DEBUG AssetLoader          - Loading from cache: /assets/textures/gameOver.png
17:26:37.140 [JavaFX Application Thread] DEBUG AssetLoader          - Loading from cache: /assets/textures/gameOver.png
17:26:37.156 [JavaFX Application Thread] DEBUG AssetLoader          - Loading from cache: /assets/textures/gameOver.png
17:26:37.173 [JavaFX Application Thread] DEBUG AssetLoader          - Loading from cache: /assets/textures/gameOver.png
17:26:37.189 [JavaFX Application Thread] DEBUG AssetLoader          - Loading from cache: /assets/textures/gameOver.png
17:26:37.206 [JavaFX Application Thread] DEBUG AssetLoader          - Loading from cache: /assets/textures/gameOver.png
17:26:37.222 [JavaFX Application Thread] DEBUG AssetLoader          - Loading from cache: /assets/textures/gameOver.png
17:26:37.240 [JavaFX Application Thread] DEBUG AssetLoader          - Loading from cache: /assets/textures/gameOver.png
17:26:37.256 [JavaFX Application Thread] DEBUG AssetLoader          - Loading from cache: /assets/textures/gameOver.png
17:26:37.273 [JavaFX Application Thread] DEBUG AssetLoader          - Loading from cache: /assets/textures/gameOver.png
17:26:37.290 [JavaFX Application Thread] DEBUG AssetLoader          - Loading from cache: /assets/textures/gameOver.png
17:26:37.306 [JavaFX Application Thread] DEBUG AssetLoader          - Loading from cache: /assets/textures/gameOver.png
17:26:37.323 [JavaFX Application Thread] DEBUG AssetLoader          - Loading from cache: /assets/textures/gameOver.png
17:26:37.339 [JavaFX Application Thread] DEBUG AssetLoader          - Loading from cache: /assets/textures/gameOver.png
17:26:37.357 [JavaFX Application Thread] DEBUG AssetLoader          - Loading from cache: /assets/textures/gameOver.png
17:26:37.373 [JavaFX Application Thread] DEBUG AssetLoader          - Loading from cache: /assets/textures/gameOver.png
17:26:37.390 [JavaFX Application Thread] DEBUG AssetLoader          - Loading from cache: /assets/textures/gameOver.png
17:26:37.406 [JavaFX Application Thread] DEBUG AssetLoader          - Loading from cache: /assets/textures/gameOver.png
17:26:37.423 [JavaFX Application Thread] DEBUG AssetLoader          - Loading from cache: /assets/textures/gameOver.png
17:26:37.440 [JavaFX Application Thread] DEBUG AssetLoader          - Loading from cache: /assets/textures/gameOver.png
17:26:37.456 [JavaFX Application Thread] DEBUG AssetLoader          - Loading from cache: /assets/textures/gameOver.png
17:26:37.473 [JavaFX Application Thread] DEBUG AssetLoader          - Loading from cache: /assets/textures/gameOver.png
17:26:37.489 [JavaFX Application Thread] DEBUG AssetLoader          - Loading from cache: /assets/textures/gameOver.png
17:26:37.506 [JavaFX Application Thread] DEBUG AssetLoader          - Loading from cache: /assets/textures/gameOver.png
17:26:37.523 [JavaFX Application Thread] DEBUG AssetLoader          - Loading from cache: /assets/textures/gameOver.png
17:26:37.540 [JavaFX Application Thread] DEBUG AssetLoader          - Loading from cache: /assets/textures/gameOver.png
17:26:37.556 [JavaFX Application Thread] DEBUG AssetLoader          - Loading from cache: /assets/textures/gameOver.png
17:26:37.573 [JavaFX Application Thread] DEBUG AssetLoader          - Loading from cache: /assets/textures/gameOver.png
17:26:37.590 [JavaFX Application Thread] DEBUG AssetLoader          - Loading from cache: /assets/textures/gameOver.png
17:26:37.606 [JavaFX Application Thread] DEBUG AssetLoader          - Loading from cache: /assets/textures/gameOver.png
17:26:37.623 [JavaFX Application Thread] DEBUG AssetLoader          - Loading from cache: /assets/textures/gameOver.png
17:26:37.639 [JavaFX Application Thread] DEBUG AssetLoader          - Loading from cache: /assets/textures/gameOver.png
17:26:37.657 [JavaFX Application Thread] DEBUG AssetLoader          - Loading from cache: /assets/textures/gameOver.png
17:26:37.673 [JavaFX Application Thread] DEBUG AssetLoader          - Loading from cache: /assets/textures/gameOver.png
17:26:37.689 [JavaFX Application Thread] DEBUG AssetLoader          - Loading from cache: /assets/textures/gameOver.png
17:26:37.707 [JavaFX Application Thread] DEBUG AssetLoader          - Loading from cache: /assets/textures/gameOver.png
17:26:37.723 [JavaFX Application Thread] DEBUG AssetLoader          - Loading from cache: /assets/textures/gameOver.png
17:26:37.740 [JavaFX Application Thread] DEBUG AssetLoader          - Loading from cache: /assets/textures/gameOver.png
17:26:37.756 [JavaFX Application Thread] DEBUG AssetLoader          - Loading from cache: /assets/textures/gameOver.png
17:26:37.773 [JavaFX Application Thread] DEBUG AssetLoader          - Loading from cache: /assets/textures/gameOver.png
17:26:37.789 [JavaFX Application Thread] DEBUG AssetLoader          - Loading from cache: /assets/textures/gameOver.png
17:26:37.807 [JavaFX Application Thread] DEBUG AssetLoader          - Loading from cache: /assets/textures/gameOver.png
17:26:37.823 [JavaFX Application Thread] DEBUG AssetLoader          - Loading from cache: /assets/textures/gameOver.png
17:26:37.840 [JavaFX Application Thread] DEBUG AssetLoader          - Loading from cache: /assets/textures/gameOver.png
17:26:37.857 [JavaFX Application Thread] DEBUG AssetLoader          - Loading from cache: /assets/textures/gameOver.png
17:26:37.873 [JavaFX Application Thread] DEBUG AssetLoader          - Loading from cache: /assets/textures/gameOver.png
17:26:37.890 [JavaFX Application Thread] DEBUG AssetLoader          - Loading from cache: /assets/textures/gameOver.png
17:26:37.907 [JavaFX Application Thread] DEBUG AssetLoader          - Loading from cache: /assets/textures/gameOver.png
17:26:37.923 [JavaFX Application Thread] DEBUG AssetLoader          - Loading from cache: /assets/textures/gameOver.png
17:26:37.939 [JavaFX Application Thread] DEBUG AssetLoader          - Loading from cache: /assets/textures/gameOver.png
17:26:37.957 [JavaFX Application Thread] DEBUG AssetLoader          - Loading from cache: /assets/textures/gameOver.png
17:26:37.974 [JavaFX Application Thread] DEBUG AssetLoader          - Loading from cache: /assets/textures/gameOver.png
17:26:37.990 [JavaFX Application Thread] DEBUG AssetLoader          - Loading from cache: /assets/textures/gameOver.png
17:26:38.007 [JavaFX Application Thread] DEBUG AssetLoader          - Loading from cache: /assets/textures/gameOver.png
17:26:38.023 [JavaFX Application Thread] DEBUG AssetLoader          - Loading from cache: /assets/textures/gameOver.png
17:26:38.040 [JavaFX Application Thread] DEBUG AssetLoader          - Loading from cache: /assets/textures/gameOver.png
17:26:38.057 [JavaFX Application Thread] DEBUG AssetLoader          - Loading from cache: /assets/textures/gameOver.png
17:26:38.073 [JavaFX Application Thread] DEBUG AssetLoader          - Loading from cache: /assets/textures/gameOver.png
17:26:38.090 [JavaFX Application Thread] DEBUG AssetLoader          - Loading from cache: /assets/textures/gameOver.png
17:26:38.107 [JavaFX Application Thread] DEBUG AssetLoader          - Loading from cache: /assets/textures/gameOver.png
17:26:38.123 [JavaFX Application Thread] DEBUG AssetLoader          - Loading from cache: /assets/textures/gameOver.png
17:26:38.139 [JavaFX Application Thread] DEBUG AssetLoader          - Loading from cache: /assets/textures/gameOver.png
17:26:38.157 [JavaFX Application Thread] DEBUG AssetLoader          - Loading from cache: /assets/textures/gameOver.png
17:26:38.173 [JavaFX Application Thread] DEBUG AssetLoader          - Loading from cache: /assets/textures/gameOver.png
17:26:38.190 [JavaFX Application Thread] DEBUG AssetLoader          - Loading from cache: /assets/textures/gameOver.png
17:26:38.206 [JavaFX Application Thread] DEBUG AssetLoader          - Loading from cache: /assets/textures/gameOver.png
17:26:38.223 [JavaFX Application Thread] DEBUG AssetLoader          - Loading from cache: /assets/textures/gameOver.png
17:26:38.239 [JavaFX Application Thread] DEBUG AssetLoader          - Loading from cache: /assets/textures/gameOver.png
17:26:38.257 [JavaFX Application Thread] DEBUG AssetLoader          - Loading from cache: /assets/textures/gameOver.png
17:26:38.273 [JavaFX Application Thread] DEBUG AssetLoader          - Loading from cache: /assets/textures/gameOver.png
17:26:38.289 [JavaFX Application Thread] DEBUG AssetLoader          - Loading from cache: /assets/textures/gameOver.png
17:26:38.307 [JavaFX Application Thread] DEBUG AssetLoader          - Loading from cache: /assets/textures/gameOver.png
17:26:38.323 [JavaFX Application Thread] DEBUG AssetLoader          - Loading from cache: /assets/textures/gameOver.png
17:26:38.340 [JavaFX Application Thread] DEBUG AssetLoader          - Loading from cache: /assets/textures/gameOver.png
17:26:38.357 [JavaFX Application Thread] DEBUG AssetLoader          - Loading from cache: /assets/textures/gameOver.png
17:26:38.373 [JavaFX Application Thread] DEBUG AssetLoader          - Loading from cache: /assets/textures/gameOver.png
17:26:38.389 [JavaFX Application Thread] DEBUG AssetLoader          - Loading from cache: /assets/textures/gameOver.png
17:26:38.407 [JavaFX Application Thread] DEBUG AssetLoader          - Loading from cache: /assets/textures/gameOver.png
17:26:38.423 [JavaFX Application Thread] DEBUG AssetLoader          - Loading from cache: /assets/textures/gameOver.png
17:26:38.440 [JavaFX Application Thread] DEBUG AssetLoader          - Loading from cache: /assets/textures/gameOver.png
17:26:38.456 [JavaFX Application Thread] DEBUG AssetLoader          - Loading from cache: /assets/textures/gameOver.png
17:26:38.473 [JavaFX Application Thread] DEBUG AssetLoader          - Loading from cache: /assets/textures/gameOver.png
17:26:38.489 [JavaFX Application Thread] DEBUG AssetLoader          - Loading from cache: /assets/textures/gameOver.png
17:26:38.507 [JavaFX Application Thread] DEBUG AssetLoader          - Loading from cache: /assets/textures/gameOver.png
17:26:38.524 [JavaFX Application Thread] DEBUG AssetLoader          - Loading from cache: /assets/textures/gameOver.png
17:26:38.539 [JavaFX Application Thread] DEBUG AssetLoader          - Loading from cache: /assets/textures/gameOver.png
17:26:38.557 [JavaFX Application Thread] DEBUG AssetLoader          - Loading from cache: /assets/textures/gameOver.png
17:26:38.573 [JavaFX Application Thread] DEBUG AssetLoader          - Loading from cache: /assets/textures/gameOver.png
17:26:38.590 [JavaFX Application Thread] DEBUG AssetLoader          - Loading from cache: /assets/textures/gameOver.png
17:26:38.607 [JavaFX Application Thread] DEBUG AssetLoader          - Loading from cache: /assets/textures/gameOver.png
17:26:38.624 [JavaFX Application Thread] DEBUG AssetLoader          - Loading from cache: /assets/textures/gameOver.png
17:26:38.641 [JavaFX Application Thread] DEBUG AssetLoader          - Loading from cache: /assets/textures/gameOver.png
17:26:38.657 [JavaFX Application Thread] DEBUG AssetLoader          - Loading from cache: /assets/textures/gameOver.png
17:26:38.673 [JavaFX Application Thread] DEBUG AssetLoader          - Loading from cache: /assets/textures/gameOver.png
17:26:38.690 [JavaFX Application Thread] DEBUG AssetLoader          - Loading from cache: /assets/textures/gameOver.png
17:26:38.707 [JavaFX Application Thread] DEBUG AssetLoader          - Loading from cache: /assets/textures/gameOver.png
17:26:38.724 [JavaFX Application Thread] DEBUG AssetLoader          - Loading from cache: /assets/textures/gameOver.png
17:26:38.740 [JavaFX Application Thread] DEBUG AssetLoader          - Loading from cache: /assets/textures/gameOver.png
17:26:38.757 [JavaFX Application Thread] DEBUG AssetLoader          - Loading from cache: /assets/textures/gameOver.png
17:26:38.774 [JavaFX Application Thread] DEBUG AssetLoader          - Loading from cache: /assets/textures/gameOver.png
17:26:38.790 [JavaFX Application Thread] DEBUG AssetLoader          - Loading from cache: /assets/textures/gameOver.png
17:26:38.807 [JavaFX Application Thread] DEBUG AssetLoader          - Loading from cache: /assets/textures/gameOver.png
17:26:38.824 [JavaFX Application Thread] DEBUG AssetLoader          - Loading from cache: /assets/textures/gameOver.png
17:26:38.841 [JavaFX Application Thread] DEBUG AssetLoader          - Loading from cache: /assets/textures/gameOver.png
17:26:38.857 [JavaFX Application Thread] DEBUG AssetLoader          - Loading from cache: /assets/textures/gameOver.png
17:26:38.873 [JavaFX Application Thread] DEBUG AssetLoader          - Loading from cache: /assets/textures/gameOver.png
17:26:38.890 [JavaFX Application Thread] DEBUG AssetLoader          - Loading from cache: /assets/textures/gameOver.png
17:26:38.907 [JavaFX Application Thread] DEBUG AssetLoader          - Loading from cache: /assets/textures/gameOver.png
17:26:38.924 [JavaFX Application Thread] DEBUG AssetLoader          - Loading from cache: /assets/textures/gameOver.png
17:26:38.940 [JavaFX Application Thread] DEBUG AssetLoader          - Loading from cache: /assets/textures/gameOver.png
17:26:38.957 [JavaFX Application Thread] DEBUG AssetLoader          - Loading from cache: /assets/textures/gameOver.png
17:26:38.974 [JavaFX Application Thread] DEBUG AssetLoader          - Loading from cache: /assets/textures/gameOver.png
17:26:38.991 [JavaFX Application Thread] DEBUG AssetLoader          - Loading from cache: /assets/textures/gameOver.png
17:26:39.007 [JavaFX Application Thread] DEBUG AssetLoader          - Loading from cache: /assets/textures/gameOver.png
17:26:39.024 [JavaFX Application Thread] DEBUG AssetLoader          - Loading from cache: /assets/textures/gameOver.png
17:26:39.041 [JavaFX Application Thread] DEBUG AssetLoader          - Loading from cache: /assets/textures/gameOver.png
17:26:39.057 [JavaFX Application Thread] DEBUG AssetLoader          - Loading from cache: /assets/textures/gameOver.png
17:26:39.073 [JavaFX Application Thread] DEBUG AssetLoader          - Loading from cache: /assets/textures/gameOver.png
17:26:39.090 [JavaFX Application Thread] DEBUG AssetLoader          - Loading from cache: /assets/textures/gameOver.png
17:26:39.107 [JavaFX Application Thread] DEBUG AssetLoader          - Loading from cache: /assets/textures/gameOver.png
17:26:39.124 [JavaFX Application Thread] DEBUG AssetLoader          - Loading from cache: /assets/textures/gameOver.png
17:26:39.140 [JavaFX Application Thread] DEBUG AssetLoader          - Loading from cache: /assets/textures/gameOver.png
17:26:39.157 [JavaFX Application Thread] DEBUG AssetLoader          - Loading from cache: /assets/textures/gameOver.png
17:26:39.174 [JavaFX Application Thread] DEBUG AssetLoader          - Loading from cache: /assets/textures/gameOver.png
17:26:39.191 [JavaFX Application Thread] DEBUG AssetLoader          - Loading from cache: /assets/textures/gameOver.png
17:26:39.207 [JavaFX Application Thread] DEBUG AssetLoader          - Loading from cache: /assets/textures/gameOver.png
17:26:39.224 [JavaFX Application Thread] DEBUG AssetLoader          - Loading from cache: /assets/textures/gameOver.png
17:26:39.241 [JavaFX Application Thread] DEBUG AssetLoader          - Loading from cache: /assets/textures/gameOver.png
17:26:39.256 [JavaFX Application Thread] DEBUG AssetLoader          - Loading from cache: /assets/textures/gameOver.png
17:26:39.274 [JavaFX Application Thread] DEBUG AssetLoader          - Loading from cache: /assets/textures/gameOver.png
17:26:39.291 [JavaFX Application Thread] DEBUG AssetLoader          - Loading from cache: /assets/textures/gameOver.png
17:26:39.298 [JavaFX Application Thread] DEBUG GameApplication      - Exiting game application
17:26:39.300 [JavaFX Application Thread] DEBUG GameApplication      - Exiting FXGL
17:26:39.300 [JavaFX Application Thread] DEBUG FXGL                 - Saving FXGL system data
17:26:39.301 [JavaFX Application Thread] DEBUG IOTask               - Executing task: writeDataTask(system/fxgl.bundle)
17:26:39.305 [JavaFX Application Thread] DEBUG FS                   - Writing to: system/fxgl.bundle
17:26:39.309 [JavaFX Application Thread] DEBUG IOTask               - Task succeeded: writeDataTask(system/fxgl.bundle)
17:26:39.310 [JavaFX Application Thread] DEBUG GameApplication      - Closing logger and exiting JavaFX
