21:37:01.228 [JavaFX Application Thread] DEBUG GameApplication      - Logger initialized
21:37:01.754 [JavaFX Application Thread] DEBUG GameApplication      - Starting FXGL
21:37:01.754 [JavaFX Application Thread] INFO  Version              - FXGL-0.3.8
21:37:01.755 [JavaFX Application Thread] INFO  Version              - Source code and latest versions at: https://github.com/AlmasB/FXGL
21:37:01.755 [JavaFX Application Thread] INFO  Version              -              Join the FXGL chat at: https://gitter.im/AlmasB/FXGL
21:37:02.186 [FXGL Launcher Thread     ] DEBUG FXGL                 - Loading FXGL system data
21:37:02.192 [FXGL Launcher Thread     ] DEBUG IOTask               - Executing task: readDataTask(system/fxgl.bundle)
21:37:02.202 [FXGL Launcher Thread     ] DEBUG FS                   - Reading from: system/fxgl.bundle
21:37:02.215 [FXGL Launcher Thread     ] DEBUG IOTask               - Task succeeded: readDataTask(system/fxgl.bundle)
21:37:02.215 [FXGL Launcher Thread     ] DEBUG Bundle               - Logging bundle: FXGL
21:37:02.216 [FXGL Launcher Thread     ] DEBUG Bundle               - FXGL.offline.timer.version.check=2018-02-06T21:33:15.123
21:37:02.216 [FXGL Launcher Thread     ] DEBUG GameApplication      - FXGL configuration complete
21:37:02.218 [FXGL Launcher Thread     ] INFO  GameApplication      - FXGL configuration took:  0.460 sec
21:37:02.219 [FXGL Launcher Thread     ] DEBUG GameApplication      - Logging game settings
Title: LogSpin
Version: 
Width: 400
Height: 400
Fullscreen: false
Intro: false
Menus: false
Profiling: false
App Mode: DEVELOPER
Menu Key: ESCAPE
Scene Factory: class com.almasb.fxgl.scene.SceneFactory
Dialog Factory: class com.almasb.fxgl.service.impl.display.FXGLDialogFactory
UI Factory: class com.almasb.fxgl.service.impl.ui.FXGLUIFactory
Notification Service: class com.almasb.fxgl.service.impl.notification.SlidingNotificationService
Exception Handler: class com.almasb.fxgl.app.FXGLExceptionHandler
21:37:02.225 [FXGL Launcher Thread     ] DEBUG GameApplication      - Configuring GameApplication
21:37:02.227 [FXGL Launcher Thread     ] DEBUG AppStateMachine      - Initializing application states
21:37:02.281 [FXGL Launcher Thread     ] DEBUG AssetLoader          - Asset cacheSize=35
21:37:02.282 [FXGL Launcher Thread     ] DEBUG AssetLoader          - Loading from disk: /assets/ui/cursors/fxgl_default.png
21:37:02.310 [FXGL Launcher Thread     ] DEBUG AssetLoader          - Loading from disk: /assets/ui/cursors/fxgl_default.png
21:37:02.318 [FXGL Launcher Thread     ] DEBUG AssetLoader          - Loading from disk: /assets/sounds/core/notification.wav
21:37:02.361 [FXGL Launcher Thread     ] DEBUG AssetLoader          - Loading from disk: /assets/sounds/menu/select.wav
21:37:02.364 [FXGL Launcher Thread     ] DEBUG AssetLoader          - Loading from disk: /assets/sounds/menu/back.wav
21:37:02.366 [FXGL Launcher Thread     ] DEBUG AssetLoader          - Loading from disk: /assets/sounds/menu/press.wav
21:37:02.367 [FXGL Launcher Thread     ] DEBUG AssetLoader          - Loading from disk: /assets/ui/fonts/Copperplate_Gothic_Light_Regular.ttf
21:37:02.391 [FXGL Launcher Thread     ] DEBUG AssetLoader          - Loading from disk: /assets/ui/fonts/lucida_console.ttf
21:37:02.395 [FXGL Launcher Thread     ] DEBUG AssetLoader          - Loading from disk: /assets/ui/css/fxgl_dark.css
21:37:02.397 [FXGL Launcher Thread     ] DEBUG AssetLoader          - Loading from disk: /assets/ui/icons/fxgl_icon.png
21:37:02.506 [FXGL Launcher Thread     ] DEBUG AssetLoader          - Loading from disk: /assets/ui/cursors/fxgl_default.png
21:37:02.531 [FXGL Launcher Thread     ] DEBUG FXGL.GameScene       - Game scene initialized: 400x400
21:37:02.535 [FXGL Launcher Thread     ] DEBUG FXGL.GameWorld       - Game world initialized
21:37:02.599 [FXGL Launcher Thread     ] DEBUG FXGL.PhysicsWorld    - Physics world initialized: appHeight=400, physics.ppm=50.0
21:37:02.697 [FXGL Launcher Thread     ] DEBUG Input                - Registered new binding: Pause - Esc
21:37:02.718 [FXGL Launcher Thread     ] INFO  GameApplication      - Game configuration took:  0.492 sec
21:37:02.721 [JavaFX Application Thread] DEBUG MainWindow           - Target size: 400.0 x 400.0 @ 1.0
21:37:02.721 [JavaFX Application Thread] DEBUG MainWindow           - New size:    400.0 x 400.0 @ 1.0
21:37:02.721 [JavaFX Application Thread] DEBUG MainWindow           - Opening main window
21:37:02.797 [JavaFX Application Thread] DEBUG MainWindow           - Root size:  400.0x400.0
21:37:02.798 [JavaFX Application Thread] DEBUG MainWindow           - Scene size: 400.0x400.0
21:37:02.798 [JavaFX Application Thread] DEBUG MainWindow           - Stage size: 400.0x422.0
21:37:02.798 [JavaFX Application Thread] DEBUG GameApplication      - Running preInit()
21:37:02.799 [JavaFX Application Thread] DEBUG Input                - Registered new binding: Screenshot - P
21:37:02.800 [JavaFX Application Thread] DEBUG Input                - Registered new binding: Dev Options - CTRL+0
21:37:02.841 [JavaFX Application Thread] DEBUG GameApplication      - Starting main loop
21:37:02.864 [JavaFX Application Thread] DEBUG StartupState         - STARTUP
21:37:02.864 [JavaFX Application Thread] DEBUG GameApplication      - Starting new game
21:37:02.864 [JavaFX Application Thread] DEBUG Input                - Clearing active input actions
21:37:02.864 [JavaFX Application Thread] DEBUG AppStateMachine      - StartupState -> LoadingState
21:37:02.902 [JavaFX Application Thread] WARN  AnnotationParser     - LogSpin has no package or contains uppercase letters. Disabling annotations processing
21:37:02.907 [FXGL Background Thread 1 ] DEBUG InitAppTask          - Clearing previous game
21:37:02.907 [FXGL Background Thread 1 ] DEBUG FXGL.GameWorld       - Clearing game world
21:37:02.909 [FXGL Background Thread 1 ] DEBUG FXGL.PhysicsWorld    - Clearing physics world
21:37:02.909 [FXGL Background Thread 1 ] DEBUG FXGL.GameScene       - Clearing game scene
21:37:02.909 [FXGL Background Thread 1 ] DEBUG InitAppTask          - Initializing Assets
21:37:02.910 [FXGL Background Thread 1 ] DEBUG InitAppTask          - Initializing Game
21:37:02.913 [FXGL Background Thread 1 ] DEBUG InitAppTask          - Initializing Physics
21:37:02.914 [FXGL Background Thread 1 ] DEBUG InitAppTask          - Initializing UI
21:37:02.914 [FXGL Background Thread 1 ] DEBUG AssetLoader          - Loading from disk: /assets/textures/RotatingLogAnimation.png
21:37:02.927 [FXGL Background Thread 1 ] DEBUG FXGL.GameScene       - Creating render group for layer: TOP(2147483647)
21:37:02.929 [FXGL Background Thread 1 ] DEBUG InitAppTask          - Initialization Complete
21:37:02.929 [FXGL Background Thread 1 ] INFO  InitAppTask          - Game initialization took: 0.022 sec
21:37:02.986 [JavaFX Application Thread] DEBUG Input                - Clearing active input actions
21:37:02.986 [JavaFX Application Thread] DEBUG AppStateMachine      - LoadingState -> PlayState
21:37:04.923 [JavaFX Application Thread] DEBUG GameApplication      - Exiting game application
21:37:04.925 [JavaFX Application Thread] DEBUG GameApplication      - Exiting FXGL
21:37:04.925 [JavaFX Application Thread] DEBUG FXGL                 - Saving FXGL system data
21:37:04.926 [JavaFX Application Thread] DEBUG IOTask               - Executing task: writeDataTask(system/fxgl.bundle)
21:37:04.928 [JavaFX Application Thread] DEBUG FS                   - Writing to: system/fxgl.bundle
21:37:04.933 [JavaFX Application Thread] DEBUG IOTask               - Task succeeded: writeDataTask(system/fxgl.bundle)
21:37:04.933 [JavaFX Application Thread] DEBUG GameApplication      - Closing logger and exiting JavaFX
